TN:
SF:src/App.js
FNF:0
FNH:0
DA:4,0
LF:1
LH:0
BRF:0
BRH:0
end_of_record
TN:
SF:src/config.js
FNF:0
FNH:0
DA:1,18
LF:1
LH:1
BRF:0
BRH:0
end_of_record
TN:
SF:src/routes.js
FNF:0
FNH:0
DA:43,5
LF:1
LH:1
BRF:0
BRH:0
end_of_record
TN:
SF:src/Fonctions/Dash_fonction.js
FN:13,(anonymous_0)
FN:55,(anonymous_1)
FN:57,(anonymous_2)
FN:74,(anonymous_3)
FN:94,(anonymous_4)
FN:104,(anonymous_5)
FN:124,(anonymous_6)
FN:134,(anonymous_7)
FN:157,(anonymous_8)
FN:177,(anonymous_9)
FN:186,(anonymous_10)
FN:208,(anonymous_11)
FN:220,(anonymous_12)
FN:221,(anonymous_13)
FN:229,(anonymous_14)
FN:235,(anonymous_15)
FN:241,(anonymous_16)
FN:246,(anonymous_17)
FN:258,(anonymous_18)
FN:259,(anonymous_19)
FN:269,(anonymous_20)
FN:309,(anonymous_21)
FN:320,(anonymous_22)
FN:321,(anonymous_23)
FN:335,(anonymous_24)
FN:354,(anonymous_25)
FN:355,(anonymous_26)
FN:360,(anonymous_27)
FN:376,(anonymous_28)
FN:395,(anonymous_29)
FN:402,(anonymous_30)
FN:412,(anonymous_31)
FN:419,(anonymous_32)
FN:437,(anonymous_33)
FN:439,(anonymous_34)
FN:447,(anonymous_35)
FN:450,(anonymous_36)
FN:460,(anonymous_37)
FN:471,(anonymous_38)
FN:474,(anonymous_39)
FN:477,(anonymous_40)
FN:480,(anonymous_41)
FN:485,(anonymous_42)
FN:508,(anonymous_43)
FN:529,(anonymous_44)
FN:532,(anonymous_45)
FN:540,(anonymous_46)
FNF:47
FNH:36
FNDA:84,(anonymous_0)
FNDA:51,(anonymous_1)
FNDA:51,(anonymous_2)
FNDA:51,(anonymous_3)
FNDA:0,(anonymous_4)
FNDA:51,(anonymous_5)
FNDA:0,(anonymous_6)
FNDA:0,(anonymous_7)
FNDA:51,(anonymous_8)
FNDA:0,(anonymous_9)
FNDA:53,(anonymous_10)
FNDA:53,(anonymous_11)
FNDA:20,(anonymous_12)
FNDA:10,(anonymous_13)
FNDA:1,(anonymous_14)
FNDA:1,(anonymous_15)
FNDA:1,(anonymous_16)
FNDA:53,(anonymous_17)
FNDA:20,(anonymous_18)
FNDA:10,(anonymous_19)
FNDA:51,(anonymous_20)
FNDA:53,(anonymous_21)
FNDA:20,(anonymous_22)
FNDA:10,(anonymous_23)
FNDA:51,(anonymous_24)
FNDA:0,(anonymous_25)
FNDA:0,(anonymous_26)
FNDA:3,(anonymous_27)
FNDA:51,(anonymous_28)
FNDA:0,(anonymous_29)
FNDA:54,(anonymous_30)
FNDA:18,(anonymous_31)
FNDA:12,(anonymous_32)
FNDA:1,(anonymous_33)
FNDA:0,(anonymous_34)
FNDA:1,(anonymous_35)
FNDA:0,(anonymous_36)
FNDA:4,(anonymous_37)
FNDA:3,(anonymous_38)
FNDA:3,(anonymous_39)
FNDA:0,(anonymous_40)
FNDA:0,(anonymous_41)
FNDA:4,(anonymous_42)
FNDA:3,(anonymous_43)
FNDA:2,(anonymous_44)
FNDA:2,(anonymous_45)
FNDA:2,(anonymous_46)
DA:13,7
DA:14,84
DA:15,84
DA:16,84
DA:30,84
DA:32,84
DA:33,84
DA:34,84
DA:35,84
DA:36,84
DA:37,84
DA:38,84
DA:39,84
DA:40,84
DA:41,84
DA:42,84
DA:43,84
DA:44,84
DA:45,84
DA:46,84
DA:47,84
DA:48,84
DA:49,84
DA:50,84
DA:51,84
DA:52,84
DA:53,84
DA:55,84
DA:57,51
DA:58,51
DA:59,51
DA:61,51
DA:62,51
DA:63,51
DA:64,51
DA:65,51
DA:66,51
DA:67,51
DA:68,51
DA:69,51
DA:71,51
DA:74,84
DA:75,51
DA:77,51
DA:78,1
DA:81,51
DA:82,51
DA:83,51
DA:84,51
DA:87,0
DA:93,0
DA:94,0
DA:95,0
DA:96,0
DA:97,0
DA:99,0
DA:100,0
DA:104,84
DA:105,51
DA:107,51
DA:108,1
DA:111,51
DA:112,51
DA:113,51
DA:114,51
DA:117,0
DA:123,0
DA:124,0
DA:125,0
DA:126,0
DA:127,0
DA:129,0
DA:130,0
DA:134,84
DA:135,0
DA:136,0
DA:137,0
DA:139,0
DA:140,0
DA:141,0
DA:142,0
DA:153,0
DA:157,84
DA:158,51
DA:160,51
DA:161,1
DA:164,51
DA:165,51
DA:166,51
DA:167,51
DA:170,0
DA:176,0
DA:177,0
DA:178,0
DA:179,0
DA:182,0
DA:186,84
DA:187,53
DA:188,53
DA:189,53
DA:190,53
DA:191,53
DA:193,53
DA:198,33
DA:199,10
DA:200,10
DA:201,10
DA:204,43
DA:208,84
DA:209,53
DA:210,53
DA:211,53
DA:212,53
DA:213,53
DA:215,53
DA:220,34
DA:221,10
DA:222,10
DA:223,10
DA:226,43
DA:229,84
DA:230,1
DA:231,1
DA:232,1
DA:235,84
DA:236,1
DA:237,1
DA:238,1
DA:241,84
DA:242,1
DA:243,1
DA:244,1
DA:246,84
DA:247,53
DA:248,53
DA:249,53
DA:250,53
DA:251,53
DA:253,53
DA:258,34
DA:259,10
DA:260,10
DA:261,10
DA:264,43
DA:267,84
DA:269,84
DA:270,51
DA:272,51
DA:273,1
DA:274,1
DA:275,1
DA:276,1
DA:277,1
DA:281,51
DA:282,51
DA:283,51
DA:284,51
DA:287,0
DA:295,0
DA:296,0
DA:297,0
DA:300,0
DA:301,0
DA:303,0
DA:309,84
DA:310,53
DA:311,53
DA:312,53
DA:313,53
DA:314,53
DA:315,53
DA:316,53
DA:320,34
DA:321,10
DA:323,10
DA:324,10
DA:327,10
DA:330,43
DA:335,84
DA:336,51
DA:338,51
DA:339,1
DA:342,51
DA:343,51
DA:344,51
DA:345,51
DA:348,0
DA:354,0
DA:355,0
DA:357,0
DA:360,84
DA:361,3
DA:362,3
DA:363,3
DA:369,3
DA:370,3
DA:372,0
DA:376,84
DA:377,51
DA:379,51
DA:380,1
DA:383,51
DA:384,51
DA:385,51
DA:386,51
DA:389,0
DA:395,0
DA:396,0
DA:398,0
DA:402,84
DA:403,54
DA:404,54
DA:410,35
DA:412,17
DA:413,18
DA:414,18
DA:417,17
DA:419,17
DA:420,12
DA:430,17
DA:431,17
DA:433,37
DA:437,84
DA:438,1
DA:439,1
DA:440,0
DA:442,1
DA:443,1
DA:444,1
DA:447,84
DA:448,1
DA:449,1
DA:450,1
DA:451,0
DA:452,0
DA:454,1
DA:455,1
DA:456,1
DA:460,84
DA:461,4
DA:462,4
DA:463,4
DA:464,4
DA:465,3
DA:468,4
DA:471,84
DA:472,3
DA:473,3
DA:474,3
DA:476,3
DA:477,0
DA:479,3
DA:480,0
DA:482,3
DA:485,84
DA:487,4
DA:489,1
DA:490,1
DA:492,1
DA:493,1
DA:495,1
DA:496,1
DA:498,1
DA:500,4
DA:508,84
DA:509,3
DA:529,3
DA:530,2
DA:531,2
DA:532,2
DA:540,2
DA:541,2
DA:544,3
DA:556,84
LF:274
LH:223
BRDA:77,0,0,1
BRDA:77,0,1,50
BRDA:77,1,0,51
BRDA:77,1,1,1
BRDA:77,1,2,1
BRDA:82,2,0,51
BRDA:82,2,1,0
BRDA:95,3,0,0
BRDA:95,3,1,0
BRDA:99,4,0,0
BRDA:99,4,1,0
BRDA:107,5,0,1
BRDA:107,5,1,50
BRDA:107,6,0,51
BRDA:107,6,1,1
BRDA:107,6,2,1
BRDA:112,7,0,51
BRDA:112,7,1,0
BRDA:125,8,0,0
BRDA:125,8,1,0
BRDA:136,9,0,0
BRDA:136,9,1,0
BRDA:160,10,0,1
BRDA:160,10,1,50
BRDA:160,11,0,51
BRDA:160,11,1,1
BRDA:160,11,2,1
BRDA:165,12,0,51
BRDA:165,12,1,0
BRDA:178,13,0,0
BRDA:178,13,1,0
BRDA:189,14,0,0
BRDA:189,14,1,53
BRDA:200,15,0,10
BRDA:200,15,1,0
BRDA:222,16,0,4
BRDA:222,16,1,6
BRDA:249,17,0,0
BRDA:249,17,1,53
BRDA:260,18,0,4
BRDA:260,18,1,6
BRDA:272,19,0,1
BRDA:272,19,1,50
BRDA:272,20,0,51
BRDA:272,20,1,1
BRDA:272,20,2,1
BRDA:272,20,3,1
BRDA:282,21,0,51
BRDA:282,21,1,0
BRDA:300,22,0,0
BRDA:300,22,1,0
BRDA:311,23,0,0
BRDA:311,23,1,53
BRDA:324,24,0,0
BRDA:324,24,1,10
BRDA:338,25,0,1
BRDA:338,25,1,50
BRDA:338,26,0,51
BRDA:338,26,1,1
BRDA:338,26,2,1
BRDA:343,27,0,51
BRDA:343,27,1,0
BRDA:379,28,0,1
BRDA:379,28,1,50
BRDA:379,29,0,51
BRDA:379,29,1,1
BRDA:379,29,2,1
BRDA:384,30,0,51
BRDA:384,30,1,0
BRDA:413,31,0,18
BRDA:413,31,1,12
BRDA:442,32,0,1
BRDA:442,32,1,0
BRDA:454,33,0,1
BRDA:454,33,1,0
BRDA:464,34,0,3
BRDA:464,34,1,1
BRDA:473,35,0,1
BRDA:473,35,1,2
BRDA:476,36,0,0
BRDA:476,36,1,3
BRDA:479,37,0,0
BRDA:479,37,1,3
BRDA:487,38,0,1
BRDA:487,38,1,1
BRDA:487,38,2,1
BRDA:487,38,3,1
BRDA:531,39,0,2
BRDA:531,39,1,0
BRDA:535,40,0,2
BRDA:535,40,1,1
BRDA:536,41,0,2
BRDA:536,41,1,1
BRF:93
BRH:65
end_of_record
TN:
SF:src/Fonctions/Incident_fonction.js
FN:8,(anonymous_0)
FN:74,(anonymous_1)
FN:96,(anonymous_2)
FN:98,(anonymous_3)
FN:112,(anonymous_4)
FN:147,(anonymous_5)
FN:176,(anonymous_6)
FN:200,(anonymous_7)
FN:312,(anonymous_8)
FN:316,(anonymous_9)
FN:322,(anonymous_10)
FN:398,(anonymous_11)
FN:467,(anonymous_12)
FNF:13
FNH:10
FNDA:53,(anonymous_0)
FNDA:18,(anonymous_1)
FNDA:18,(anonymous_2)
FNDA:16,(anonymous_3)
FNDA:16,(anonymous_4)
FNDA:0,(anonymous_5)
FNDA:7,(anonymous_6)
FNDA:6,(anonymous_7)
FNDA:0,(anonymous_8)
FNDA:0,(anonymous_9)
FNDA:4,(anonymous_10)
FNDA:12,(anonymous_11)
FNDA:4,(anonymous_12)
DA:8,8
DA:9,53
DA:10,53
DA:11,53
DA:12,53
DA:14,53
DA:15,53
DA:16,53
DA:17,53
DA:18,53
DA:21,53
DA:22,53
DA:23,53
DA:24,53
DA:36,53
DA:43,53
DA:47,53
DA:51,53
DA:55,53
DA:56,53
DA:57,53
DA:58,53
DA:59,53
DA:60,53
DA:61,53
DA:62,53
DA:63,53
DA:66,53
DA:67,53
DA:68,53
DA:69,53
DA:70,53
DA:71,53
DA:74,53
DA:75,18
DA:76,18
DA:86,17
DA:87,15
DA:89,3
DA:96,53
DA:97,18
DA:98,18
DA:99,16
DA:100,16
DA:103,15
DA:104,15
DA:106,1
DA:112,18
DA:113,16
DA:114,16
DA:117,15
DA:119,15
DA:124,14
DA:125,1
DA:131,0
DA:134,1
DA:140,18
DA:141,16
DA:142,16
DA:147,53
DA:148,0
DA:149,0
DA:152,0
DA:153,0
DA:158,0
DA:159,0
DA:165,0
DA:168,0
DA:176,53
DA:177,7
DA:178,7
DA:179,7
DA:180,7
DA:192,6
DA:200,53
DA:201,6
DA:202,6
DA:203,6
DA:205,6
DA:206,6
DA:207,6
DA:209,6
DA:210,0
DA:211,0
DA:212,0
DA:213,0
DA:214,0
DA:217,6
DA:218,6
DA:227,5
DA:228,5
DA:229,5
DA:230,5
DA:241,5
DA:243,1
DA:247,0
DA:248,0
DA:249,0
DA:253,0
DA:254,0
DA:263,0
DA:267,0
DA:268,0
DA:269,0
DA:280,0
DA:282,0
DA:287,0
DA:288,0
DA:291,1
DA:292,1
DA:293,1
DA:294,0
DA:295,0
DA:296,0
DA:300,1
DA:301,0
DA:303,1
DA:307,6
DA:312,53
DA:313,0
DA:314,0
DA:316,53
DA:317,0
DA:321,53
DA:323,4
DA:324,4
DA:325,4
DA:326,4
DA:391,4
DA:395,3
DA:398,3
DA:399,12
DA:400,12
DA:401,10
DA:402,7
DA:403,6
DA:404,0
DA:405,6
DA:406,6
DA:407,6
DA:408,6
DA:409,6
DA:410,6
DA:411,6
DA:412,6
DA:413,5
DA:414,5
DA:415,0
DA:416,5
DA:417,5
DA:418,5
DA:419,0
DA:420,5
DA:421,5
DA:422,4
DA:423,0
DA:424,4
DA:425,0
DA:426,4
DA:427,4
DA:428,4
DA:429,4
DA:430,0
DA:431,4
DA:432,1
DA:433,3
DA:434,0
DA:435,3
DA:436,0
DA:437,3
DA:438,0
DA:439,3
DA:440,0
DA:441,3
DA:442,3
DA:443,0
DA:444,3
DA:445,3
DA:446,0
DA:447,3
DA:448,3
DA:449,3
DA:450,3
DA:451,3
DA:454,3
DA:456,1
DA:460,1
DA:467,53
DA:468,4
DA:469,4
DA:470,4
DA:471,0
DA:474,0
DA:478,4
DA:483,4
DA:492,4
DA:493,4
DA:496,4
DA:498,1
DA:502,1
DA:515,53
LF:201
LH:153
BRDA:12,0,0,51
BRDA:12,0,1,2
BRDA:43,1,0,33
BRDA:43,1,1,20
BRDA:43,2,0,53
BRDA:43,2,1,53
BRDA:43,2,2,33
BRDA:47,3,0,33
BRDA:47,3,1,20
BRDA:47,4,0,53
BRDA:47,4,1,53
BRDA:47,4,2,33
BRDA:51,5,0,33
BRDA:51,5,1,20
BRDA:51,6,0,53
BRDA:51,6,1,53
BRDA:51,6,2,33
BRDA:55,7,0,53
BRDA:55,7,1,20
BRDA:56,8,0,53
BRDA:56,8,1,20
BRDA:57,9,0,53
BRDA:57,9,1,20
BRDA:58,10,0,53
BRDA:58,10,1,0
BRDA:60,11,0,53
BRDA:60,11,1,0
BRDA:66,12,0,53
BRDA:66,12,1,0
BRDA:67,13,0,53
BRDA:67,13,1,0
BRDA:68,14,0,53
BRDA:68,14,1,0
BRDA:69,15,0,53
BRDA:69,15,1,0
BRDA:70,16,0,53
BRDA:70,16,1,0
BRDA:71,17,0,53
BRDA:71,17,1,0
BRDA:119,18,0,14
BRDA:119,18,1,1
BRDA:120,19,0,15
BRDA:120,19,1,15
BRDA:120,19,2,15
BRDA:125,20,0,0
BRDA:125,20,1,1
BRDA:126,21,0,1
BRDA:126,21,1,1
BRDA:126,21,2,0
BRDA:126,21,3,0
BRDA:140,22,0,16
BRDA:140,22,1,2
BRDA:153,23,0,0
BRDA:153,23,1,0
BRDA:154,24,0,0
BRDA:154,24,1,0
BRDA:154,24,2,0
BRDA:159,25,0,0
BRDA:159,25,1,0
BRDA:160,26,0,0
BRDA:160,26,1,0
BRDA:160,26,2,0
BRDA:160,26,3,0
BRDA:209,27,0,0
BRDA:209,27,1,6
BRDA:243,28,0,0
BRDA:243,28,1,1
BRDA:244,29,0,1
BRDA:244,29,1,0
BRDA:293,30,0,0
BRDA:293,30,1,1
BRDA:300,31,0,0
BRDA:300,31,1,1
BRDA:400,32,0,2
BRDA:400,32,1,10
BRDA:401,33,0,3
BRDA:401,33,1,7
BRDA:402,34,0,1
BRDA:402,34,1,6
BRDA:403,35,0,0
BRDA:403,35,1,6
BRDA:405,36,0,0
BRDA:405,36,1,6
BRDA:406,37,0,0
BRDA:406,37,1,6
BRDA:407,38,0,0
BRDA:407,38,1,6
BRDA:408,39,0,0
BRDA:408,39,1,6
BRDA:409,40,0,0
BRDA:409,40,1,6
BRDA:410,41,0,0
BRDA:410,41,1,6
BRDA:411,42,0,0
BRDA:411,42,1,6
BRDA:412,43,0,1
BRDA:412,43,1,5
BRDA:413,44,0,0
BRDA:413,44,1,5
BRDA:414,45,0,0
BRDA:414,45,1,5
BRDA:416,46,0,0
BRDA:416,46,1,5
BRDA:417,47,0,0
BRDA:417,47,1,5
BRDA:418,48,0,0
BRDA:418,48,1,5
BRDA:420,49,0,0
BRDA:420,49,1,5
BRDA:421,50,0,1
BRDA:421,50,1,4
BRDA:422,51,0,0
BRDA:422,51,1,4
BRDA:424,52,0,0
BRDA:424,52,1,4
BRDA:426,53,0,0
BRDA:426,53,1,4
BRDA:427,54,0,0
BRDA:427,54,1,4
BRDA:428,55,0,0
BRDA:428,55,1,4
BRDA:429,56,0,0
BRDA:429,56,1,4
BRDA:431,57,0,1
BRDA:431,57,1,3
BRDA:433,58,0,0
BRDA:433,58,1,3
BRDA:435,59,0,0
BRDA:435,59,1,3
BRDA:437,60,0,0
BRDA:437,60,1,3
BRDA:439,61,0,0
BRDA:439,61,1,3
BRDA:441,62,0,0
BRDA:441,62,1,3
BRDA:442,63,0,0
BRDA:442,63,1,3
BRDA:444,64,0,0
BRDA:444,64,1,3
BRDA:445,65,0,0
BRDA:445,65,1,3
BRDA:447,66,0,0
BRDA:447,66,1,3
BRDA:448,67,0,0
BRDA:448,67,1,3
BRDA:449,68,0,0
BRDA:449,68,1,3
BRDA:450,69,0,0
BRDA:450,69,1,3
BRDA:470,70,0,0
BRDA:470,70,1,4
BRDA:488,71,0,4
BRDA:488,71,1,0
BRDA:500,72,0,1
BRDA:500,72,1,1
BRDA:500,72,2,0
BRDA:503,73,0,1
BRDA:503,73,1,1
BRF:158
BRH:96
end_of_record
TN:
SF:src/Fonctions/Month.js
FN:5,(anonymous_0)
FN:9,(anonymous_1)
FN:15,(anonymous_2)
FN:27,(anonymous_3)
FN:40,(anonymous_4)
FNF:5
FNH:5
FNDA:26,(anonymous_0)
FNDA:1,(anonymous_1)
FNDA:1,(anonymous_2)
FNDA:260,(anonymous_3)
FNDA:60,(anonymous_4)
DA:3,6
DA:5,6
DA:6,26
DA:7,26
DA:9,26
DA:10,1
DA:11,1
DA:12,1
DA:15,26
DA:16,1
DA:17,1
DA:18,1
DA:19,1
DA:21,0
DA:25,26
DA:28,260
DA:29,260
DA:33,26
DA:40,6
DA:41,60
DA:42,59
DA:43,59
DA:44,0
DA:46,59
LF:24
LH:22
BRDA:18,0,0,1
BRDA:18,0,1,0
BRDA:18,1,0,1
BRDA:18,1,1,1
BRDA:43,2,0,0
BRDA:43,2,1,59
BRF:6
BRH:4
end_of_record
TN:
SF:src/Fonctions/YearMonth.js
FN:6,(anonymous_0)
FN:16,(anonymous_1)
FN:29,(anonymous_2)
FN:36,(anonymous_3)
FN:107,(anonymous_4)
FNF:5
FNH:5
FNDA:30,(anonymous_0)
FNDA:3,(anonymous_1)
FNDA:1,(anonymous_2)
FNDA:13,(anonymous_3)
FNDA:30,(anonymous_4)
DA:4,5
DA:6,5
DA:7,30
DA:8,30
DA:14,30
DA:16,30
DA:17,3
DA:19,3
DA:20,2
DA:21,2
DA:23,1
DA:29,30
DA:30,1
DA:31,1
DA:32,1
DA:33,1
DA:36,30
DA:37,13
DA:38,13
DA:39,4
DA:41,9
DA:44,13
DA:46,1
DA:47,1
DA:50,2
DA:54,2
DA:56,1
DA:57,1
DA:61,1
DA:63,1
DA:67,1
DA:69,1
DA:73,1
DA:75,1
DA:79,1
DA:81,1
DA:82,1
DA:83,1
DA:87,1
DA:89,4
DA:93,4
DA:96,1
DA:100,30
DA:107,5
DA:108,30
LF:45
LH:45
BRDA:17,0,0,3
BRDA:17,0,1,2
BRDA:19,1,0,2
BRDA:19,1,1,1
BRDA:21,2,0,2
BRDA:21,2,1,0
BRDA:21,3,0,2
BRDA:21,3,1,1
BRDA:36,4,0,11
BRDA:36,5,0,11
BRDA:38,6,0,4
BRDA:38,6,1,9
BRDA:44,7,0,1
BRDA:44,7,1,2
BRDA:44,7,2,1
BRDA:44,7,3,1
BRDA:44,7,4,1
BRDA:44,7,5,1
BRDA:44,7,6,1
BRDA:44,7,7,4
BRDA:44,7,8,1
BRDA:90,8,0,4
BRDA:90,8,1,2
BRDA:91,9,0,4
BRDA:91,9,1,2
BRF:25
BRH:24
end_of_record
TN:
SF:src/components/ProtectedRoute.js
FN:5,(anonymous_0)
FN:11,(anonymous_1)
FNF:2
FNH:2
FNDA:6,(anonymous_0)
FNDA:8,(anonymous_1)
DA:5,2
DA:6,6
DA:8,6
DA:12,8
LF:4
LH:4
BRDA:12,0,0,3
BRDA:12,0,1,5
BRF:2
BRH:2
end_of_record
TN:
SF:src/components/Card/Card.js
FN:3,Card
FNF:1
FNH:1
FNDA:507,Card
DA:4,507
DA:5,505
DA:7,505
LF:3
LH:3
BRF:0
BRH:0
end_of_record
TN:
SF:src/components/Card/CardBody.js
FN:3,CardBody
FNF:1
FNH:1
FNDA:231,CardBody
DA:4,231
DA:5,231
DA:7,231
LF:3
LH:3
BRF:0
BRH:0
end_of_record
TN:
SF:src/components/Card/CardHeader.js
FN:3,CardHeader
FNF:1
FNH:1
FNDA:219,CardHeader
DA:4,219
DA:5,219
DA:7,219
LF:3
LH:3
BRF:0
BRH:0
end_of_record
TN:
SF:src/components/Charts/BarChart.js
FN:5,(anonymous_0)
FN:15,(anonymous_1)
FN:22,(anonymous_2)
FNF:3
FNH:3
FNDA:5,(anonymous_0)
FNDA:5,(anonymous_1)
FNDA:12,(anonymous_2)
DA:6,5
DA:7,5
DA:16,5
DA:23,12
LF:4
LH:4
BRF:0
BRH:0
end_of_record
TN:
SF:src/components/Charts/Chart_zone.js
FN:7,(anonymous_0)
FN:231,(anonymous_1)
FN:252,(anonymous_2)
FN:263,(anonymous_3)
FN:264,(anonymous_4)
FN:297,(anonymous_5)
FNF:6
FNH:6
FNDA:8,(anonymous_0)
FNDA:8,(anonymous_1)
FNDA:4,(anonymous_2)
FNDA:3,(anonymous_3)
FNDA:3,(anonymous_4)
FNDA:8,(anonymous_5)
DA:7,1
DA:8,8
DA:226,8
DA:227,8
DA:228,8
DA:229,8
DA:231,8
DA:232,8
DA:234,8
DA:235,1
DA:238,8
DA:239,8
DA:240,6
DA:241,6
DA:244,2
DA:250,2
DA:251,1
DA:252,1
DA:253,4
DA:254,4
DA:255,4
DA:256,4
DA:257,3
DA:259,4
DA:262,1
DA:263,3
DA:264,3
DA:266,1
DA:281,1
DA:292,1
DA:293,1
DA:297,8
DA:298,8
DA:301,8
LF:34
LH:34
BRDA:234,0,0,1
BRDA:234,0,1,7
BRDA:234,1,0,8
BRDA:234,1,1,1
BRDA:234,1,2,1
BRDA:239,2,0,6
BRDA:239,2,1,2
BRDA:254,3,0,4
BRDA:254,3,1,0
BRDA:255,4,0,2
BRDA:255,4,1,2
BRDA:256,5,0,3
BRDA:256,5,1,1
BRF:13
BRH:12
end_of_record
TN:
SF:src/components/Charts/LineChart.js
FN:6,(anonymous_0)
FN:15,(anonymous_1)
FN:22,(anonymous_2)
FNF:3
FNH:3
FNDA:4,(anonymous_0)
FNDA:4,(anonymous_1)
FNDA:8,(anonymous_2)
DA:7,4
DA:9,4
DA:16,4
DA:23,8
LF:4
LH:4
BRF:0
BRH:0
end_of_record
TN:
SF:src/components/Configurator/Configurator.js
FN:21,Configurator
FN:74,(anonymous_1)
FNF:2
FNH:2
FNDA:15,Configurator
FNDA:3,(anonymous_1)
DA:30,15
DA:31,14
DA:33,14
DA:35,14
DA:39,14
DA:40,14
DA:41,14
DA:42,14
DA:43,14
DA:44,14
DA:45,14
DA:75,3
DA:76,1
DA:77,1
DA:79,2
DA:80,2
LF:16
LH:16
BRDA:50,0,0,0
BRDA:50,0,1,14
BRDA:75,1,0,1
BRDA:75,1,1,2
BRDA:95,2,0,13
BRDA:95,2,1,1
BRDA:97,3,0,13
BRDA:97,3,1,1
BRF:8
BRH:7
end_of_record
TN:
SF:src/components/FixedPlugin/FixedPlugin.js
FN:7,FixedPlugin
FNF:1
FNH:1
FNDA:9,FixedPlugin
DA:8,9
DA:10,9
DA:11,9
DA:12,9
DA:13,9
DA:14,1
DA:17,9
DA:18,9
LF:8
LH:8
BRDA:13,0,0,1
BRDA:13,0,1,8
BRDA:27,1,0,5
BRDA:27,1,1,4
BRDA:28,2,0,5
BRDA:28,2,1,4
BRF:6
BRH:6
end_of_record
TN:
SF:src/components/Footer/Footer.js
FN:5,Footer
FNF:1
FNH:1
FNDA:8,Footer
DA:6,8
LF:1
LH:1
BRDA:28,0,0,1
BRDA:28,0,1,7
BRDA:36,1,0,1
BRDA:36,1,1,7
BRF:4
BRH:4
end_of_record
TN:
SF:src/components/Icons/IconBox.js
FN:4,IconBox
FNF:1
FNH:1
FNDA:105,IconBox
DA:5,105
DA:7,103
LF:2
LH:2
BRF:0
BRH:0
end_of_record
TN:
SF:src/components/Icons/Icons.js
FNF:0
FNH:0
DA:4,11
DA:21,11
DA:38,11
DA:49,11
DA:70,11
DA:112,11
DA:123,11
DA:178,11
DA:195,11
DA:212,11
DA:255,11
DA:266,11
DA:283,11
DA:300,11
DA:321,11
DA:337,11
DA:354,11
DA:365,11
DA:379,11
DA:396,11
DA:411,11
DA:436,11
DA:449,11
DA:461,11
DA:472,11
DA:489,11
DA:509,11
DA:528,11
DA:547,11
DA:580,11
DA:597,11
DA:613,11
DA:625,11
DA:640,11
DA:661,11
LF:35
LH:35
BRF:0
BRH:0
end_of_record
TN:
SF:src/components/Layout/MainPanel.js
FN:3,MainPanel
FNF:1
FNH:1
FNDA:13,MainPanel
DA:4,13
DA:5,11
DA:7,11
LF:3
LH:3
BRF:0
BRH:0
end_of_record
TN:
SF:src/components/Layout/PanelContainer.js
FN:3,PanelContainer
FNF:1
FNH:1
FNDA:11,PanelContainer
DA:4,11
DA:5,11
DA:7,11
LF:3
LH:3
BRF:0
BRH:0
end_of_record
TN:
SF:src/components/Layout/PanelContent.js
FN:3,PanelContent
FNF:1
FNH:1
FNDA:12,PanelContent
DA:4,12
DA:5,12
DA:7,12
LF:3
LH:3
BRF:0
BRH:0
end_of_record
TN:
SF:src/components/Menu/ItemContent.js
FN:6,ItemContent
FNF:1
FNH:1
FNDA:36,ItemContent
DA:7,36
DA:8,36
DA:9,36
DA:10,36
LF:4
LH:4
BRF:0
BRH:0
end_of_record
TN:
SF:src/components/Navbars/AdminNavbar.js
FN:29,AdminNavbar
FN:34,(anonymous_1)
FN:35,(anonymous_2)
FN:40,(anonymous_3)
FN:45,(anonymous_4)
FN:48,(anonymous_5)
FN:53,(anonymous_6)
FN:181,(anonymous_7)
FNF:8
FNH:6
FNDA:8,AdminNavbar
FNDA:7,(anonymous_1)
FNDA:0,(anonymous_2)
FNDA:7,(anonymous_3)
FNDA:7,(anonymous_4)
FNDA:7,(anonymous_5)
FNDA:1,(anonymous_6)
FNDA:0,(anonymous_7)
DA:30,8
DA:31,7
DA:32,7
DA:34,7
DA:35,7
DA:36,0
DA:37,0
DA:40,7
DA:41,7
DA:45,7
DA:46,7
DA:48,7
DA:49,7
DA:53,7
DA:54,1
DA:55,1
DA:57,0
DA:69,7
DA:72,7
DA:76,7
DA:78,7
DA:82,7
DA:84,7
DA:88,7
DA:92,7
DA:96,7
DA:102,7
DA:104,7
DA:107,7
DA:108,7
DA:109,7
DA:110,7
DA:111,7
DA:112,7
DA:113,7
DA:114,7
DA:116,7
DA:117,1
DA:118,1
DA:119,1
DA:120,1
DA:121,1
DA:124,7
DA:125,1
DA:126,1
DA:127,1
DA:128,1
DA:129,1
DA:130,1
DA:133,7
DA:182,0
DA:183,0
LF:52
LH:47
BRDA:36,0,0,0
BRDA:36,0,1,0
BRDA:54,1,0,1
BRDA:54,1,1,0
BRDA:102,2,0,1
BRDA:102,2,1,6
BRDA:102,3,0,7
BRDA:102,3,1,2
BRDA:104,4,0,1
BRDA:104,4,1,6
BRDA:104,5,0,7
BRDA:104,5,1,2
BRDA:116,6,0,1
BRDA:116,6,1,6
BRDA:116,7,0,7
BRDA:116,7,1,2
BRDA:124,8,0,1
BRDA:124,8,1,6
BRDA:156,9,0,3
BRDA:156,9,1,4
BRDA:157,10,0,3
BRDA:157,10,1,4
BRF:22
BRH:19
end_of_record
TN:
SF:src/components/Navbars/AdminNavbarLinks.js
FN:53,(anonymous_0)
FN:61,HeaderLinks
FN:85,(anonymous_2)
FN:101,(anonymous_3)
FN:105,(anonymous_4)
FN:109,(anonymous_5)
FN:113,(anonymous_6)
FN:118,(anonymous_7)
FN:137,(anonymous_8)
FN:148,(anonymous_9)
FN:168,(anonymous_10)
FN:176,(anonymous_11)
FN:197,(anonymous_12)
FN:205,(anonymous_13)
FN:218,(anonymous_14)
FN:226,(anonymous_15)
FN:231,(anonymous_16)
FN:232,(anonymous_17)
FN:237,(anonymous_18)
FN:240,(anonymous_19)
FN:241,(anonymous_20)
FN:266,(anonymous_21)
FN:283,(anonymous_22)
FN:289,(anonymous_23)
FN:326,(anonymous_24)
FN:373,(anonymous_25)
FN:378,(anonymous_26)
FN:411,(anonymous_27)
FN:419,(anonymous_28)
FN:439,(anonymous_29)
FN:442,(anonymous_30)
FNF:31
FNH:22
FNDA:0,(anonymous_0)
FNDA:53,HeaderLinks
FNDA:19,(anonymous_2)
FNDA:0,(anonymous_3)
FNDA:0,(anonymous_4)
FNDA:0,(anonymous_5)
FNDA:5,(anonymous_6)
FNDA:1,(anonymous_7)
FNDA:0,(anonymous_8)
FNDA:2,(anonymous_9)
FNDA:2,(anonymous_10)
FNDA:19,(anonymous_11)
FNDA:38,(anonymous_12)
FNDA:38,(anonymous_13)
FNDA:38,(anonymous_14)
FNDA:1,(anonymous_15)
FNDA:19,(anonymous_16)
FNDA:19,(anonymous_17)
FNDA:19,(anonymous_18)
FNDA:19,(anonymous_19)
FNDA:19,(anonymous_20)
FNDA:0,(anonymous_21)
FNDA:0,(anonymous_22)
FNDA:0,(anonymous_23)
FNDA:1,(anonymous_24)
FNDA:27,(anonymous_25)
FNDA:5,(anonymous_26)
FNDA:0,(anonymous_27)
FNDA:6,(anonymous_28)
FNDA:1,(anonymous_29)
FNDA:2,(anonymous_30)
DA:53,1
DA:54,0
DA:62,53
DA:63,52
DA:64,52
DA:73,52
DA:74,52
DA:75,52
DA:76,52
DA:77,52
DA:80,52
DA:81,52
DA:82,52
DA:83,52
DA:85,52
DA:86,19
DA:87,19
DA:94,19
DA:96,0
DA:97,0
DA:101,52
DA:102,0
DA:103,0
DA:105,52
DA:106,0
DA:107,0
DA:109,52
DA:110,0
DA:113,52
DA:114,5
DA:115,5
DA:118,52
DA:119,1
DA:121,1
DA:122,1
DA:124,1
DA:125,0
DA:127,1
DA:131,0
DA:137,0
DA:138,0
DA:140,1
DA:141,1
DA:148,52
DA:149,2
DA:150,2
DA:151,2
DA:152,2
DA:154,2
DA:166,1
DA:167,1
DA:168,2
DA:170,1
DA:172,1
DA:176,52
DA:177,19
DA:178,19
DA:188,19
DA:190,19
DA:197,19
DA:198,38
DA:202,38
DA:205,19
DA:206,38
DA:207,38
DA:215,19
DA:217,19
DA:218,38
DA:219,19
DA:221,0
DA:225,52
DA:226,52
DA:227,1
DA:228,1
DA:231,52
DA:232,19
DA:233,19
DA:235,19
DA:236,19
DA:237,19
DA:240,52
DA:241,19
DA:242,19
DA:244,19
DA:249,52
DA:252,52
DA:253,52
DA:254,2
DA:257,52
DA:266,0
DA:284,0
DA:289,0
DA:326,1
DA:374,27
DA:378,5
DA:412,0
DA:420,6
DA:439,1
DA:442,2
LF:99
LH:82
BRDA:124,0,0,0
BRDA:124,0,1,1
BRDA:144,1,0,1
BRDA:144,1,1,0
BRDA:172,2,0,1
BRDA:172,2,1,0
BRDA:200,3,0,38
BRDA:200,3,1,19
BRDA:206,4,0,38
BRDA:206,4,1,0
BRDA:209,5,0,38
BRDA:209,5,1,0
BRDA:210,6,0,38
BRDA:210,6,1,19
BRDA:249,7,0,0
BRDA:249,7,1,52
BRDA:249,8,0,52
BRDA:249,8,1,0
BRDA:253,9,0,2
BRDA:253,9,1,50
BRDA:269,10,0,52
BRDA:269,10,1,0
BRDA:281,11,0,0
BRDA:281,11,1,0
BRDA:336,12,0,52
BRDA:336,12,1,2
BRDA:336,12,2,2
BRDA:336,12,3,2
BRDA:352,13,0,52
BRDA:352,13,1,14
BRDA:382,14,0,27
BRDA:382,14,1,0
BRDA:383,15,0,14
BRDA:383,15,1,13
BRDA:384,16,0,27
BRDA:384,16,1,0
BRDA:385,17,0,27
BRDA:385,17,1,27
BRDA:393,18,0,52
BRDA:393,18,1,6
BRDA:402,19,0,6
BRDA:402,19,1,0
BRDA:403,20,0,0
BRDA:403,20,1,6
BRDA:410,21,0,0
BRDA:410,21,1,6
BRDA:418,22,0,6
BRDA:418,22,1,0
BRDA:432,23,0,6
BRDA:432,23,1,0
BRF:50
BRH:33
end_of_record
TN:
SF:src/components/Navbars/AuthNavbar.js
FN:24,AuthNavbar
FNF:1
FNH:1
FNDA:6,AuthNavbar
DA:25,6
DA:26,6
DA:28,6
DA:29,6
DA:30,6
DA:31,6
DA:32,6
DA:33,6
DA:34,6
DA:35,6
DA:36,6
DA:37,6
DA:38,6
DA:43,6
DA:63,6
DA:65,6
DA:129,6
LF:17
LH:17
BRF:0
BRH:0
end_of_record
TN:
SF:src/components/Navbars/SearchBar/SearchBar.js
FN:10,SearchBar
FNF:1
FNH:1
FNDA:59,SearchBar
DA:12,59
DA:14,57
DA:15,57
DA:16,57
LF:4
LH:4
BRF:0
BRH:0
end_of_record
TN:
SF:src/components/RTLProvider/RTLProvider.js
FN:10,RtlProvider
FNF:1
FNH:1
FNDA:10,RtlProvider
DA:6,2
DA:11,10
DA:12,10
DA:13,10
LF:4
LH:4
BRDA:11,0,0,0
BRDA:11,0,1,10
BRF:2
BRH:1
end_of_record
TN:
SF:src/components/Scrollbar/Scrollbar.js
FN:3,(anonymous_0)
FN:17,(anonymous_1)
FN:31,(anonymous_2)
FN:38,(anonymous_3)
FN:45,(anonymous_4)
FN:51,(anonymous_5)
FN:59,(anonymous_6)
FN:71,(anonymous_7)
FN:78,(anonymous_8)
FN:85,(anonymous_9)
FNF:10
FNH:10
FNDA:9,(anonymous_0)
FNDA:3,(anonymous_1)
FNDA:1,(anonymous_2)
FNDA:11,(anonymous_3)
FNDA:9,(anonymous_4)
FNDA:3,(anonymous_5)
FNDA:1,(anonymous_6)
FNDA:1,(anonymous_7)
FNDA:1,(anonymous_8)
FNDA:1,(anonymous_9)
DA:3,4
DA:4,9
DA:15,9
DA:17,4
DA:18,3
DA:29,3
DA:31,4
DA:32,1
DA:36,1
DA:38,4
DA:39,11
DA:43,11
DA:45,4
DA:46,9
DA:49,9
DA:51,4
DA:52,3
DA:56,3
DA:59,4
DA:60,1
DA:69,1
DA:71,4
DA:72,1
DA:76,1
DA:78,4
DA:79,1
DA:83,1
DA:85,4
DA:86,1
DA:90,1
LF:30
LH:30
BRF:0
BRH:0
end_of_record
TN:
SF:src/components/Separator/Separator.js
FN:4,HSeparator
FN:16,VSeparator
FNF:2
FNH:2
FNDA:39,HSeparator
FNDA:1,VSeparator
DA:5,39
DA:6,39
DA:17,1
DA:18,1
LF:4
LH:4
BRF:0
BRH:0
end_of_record
TN:
SF:src/components/Sidebar/Sidebar.js
FN:39,Sidebar
FN:47,(anonymous_1)
FN:54,(anonymous_2)
FN:64,(anonymous_3)
FN:67,(anonymous_4)
FN:68,(anonymous_5)
FN:69,(anonymous_6)
FN:322,SidebarResponsive
FN:325,(anonymous_8)
FN:337,(anonymous_9)
FN:352,(anonymous_10)
FN:354,(anonymous_11)
FN:355,(anonymous_12)
FN:356,(anonymous_13)
FNF:14
FNH:12
FNDA:15,Sidebar
FNDA:22,(anonymous_1)
FNDA:0,(anonymous_2)
FNDA:14,(anonymous_3)
FNDA:46,(anonymous_4)
FNDA:32,(anonymous_5)
FNDA:22,(anonymous_6)
FNDA:60,SidebarResponsive
FNDA:0,(anonymous_8)
FNDA:12,(anonymous_9)
FNDA:110,(anonymous_10)
FNDA:1110,(anonymous_11)
FNDA:688,(anonymous_12)
FNDA:64,(anonymous_13)
DA:40,15
DA:41,15
DA:43,15
DA:44,14
DA:45,14
DA:47,14
DA:48,22
DA:50,14
DA:52,14
DA:53,14
DA:54,14
DA:55,0
DA:56,0
DA:59,14
DA:60,14
DA:61,14
DA:62,14
DA:63,14
DA:64,14
DA:66,14
DA:67,46
DA:68,32
DA:70,22
DA:71,0
DA:73,22
DA:74,0
DA:75,0
DA:76,0
DA:99,22
DA:210,14
DA:212,14
DA:215,10
DA:216,10
DA:217,10
DA:219,10
DA:226,10
DA:323,60
DA:324,60
DA:325,60
DA:326,0
DA:327,0
DA:330,60
DA:331,59
DA:334,58
DA:335,58
DA:337,58
DA:338,12
DA:341,58
DA:342,58
DA:343,58
DA:344,58
DA:345,58
DA:349,58
DA:352,58
DA:353,110
DA:354,1110
DA:355,688
DA:357,64
DA:358,0
DA:360,64
DA:361,52
DA:362,52
DA:363,52
DA:386,12
DA:495,58
DA:500,58
DA:507,58
DA:508,58
DA:510,58
LF:69
LH:60
BRDA:48,0,0,10
BRDA:48,0,1,12
BRDA:67,1,0,46
BRDA:67,1,1,32
BRDA:67,1,2,32
BRDA:67,1,3,32
BRDA:67,1,4,32
BRDA:67,1,5,32
BRDA:67,1,6,32
BRDA:67,1,7,32
BRDA:68,2,0,32
BRDA:68,2,1,14
BRDA:70,3,0,0
BRDA:70,3,1,22
BRDA:73,4,0,0
BRDA:73,4,1,22
BRDA:91,5,0,0
BRDA:91,5,1,0
BRDA:101,6,0,10
BRDA:101,6,1,12
BRDA:133,7,0,0
BRDA:133,7,1,10
BRDA:148,8,0,2
BRDA:148,8,1,8
BRDA:184,9,0,4
BRDA:184,9,1,8
BRDA:199,10,0,2
BRDA:199,10,1,6
BRDA:250,11,0,2
BRDA:250,11,1,8
BRDA:259,12,0,2
BRDA:259,12,1,8
BRDA:338,13,0,6
BRDA:338,13,1,6
BRDA:354,14,0,1110
BRDA:354,14,1,1052
BRDA:354,14,2,1000
BRDA:354,14,3,948
BRDA:354,14,4,896
BRDA:354,14,5,844
BRDA:354,14,6,792
BRDA:354,14,7,740
BRDA:355,15,0,688
BRDA:355,15,1,630
BRDA:357,16,0,0
BRDA:357,16,1,64
BRDA:360,17,0,52
BRDA:360,17,1,12
BRDA:378,18,0,0
BRDA:378,18,1,52
BRDA:388,19,0,6
BRDA:388,19,1,6
BRDA:419,20,0,0
BRDA:419,20,1,6
BRDA:433,21,0,0
BRDA:433,21,1,6
BRDA:469,22,0,0
BRDA:469,22,1,6
BRDA:483,23,0,0
BRDA:483,23,1,6
BRDA:526,24,0,0
BRDA:526,24,1,58
BRF:62
BRH:50
end_of_record
TN:
SF:src/components/Sidebar/SidebarHelp.js
FN:14,SidebarHelp
FNF:1
FNH:1
FNDA:1,SidebarHelp
DA:16,1
DA:17,1
DA:18,1
DA:19,1
LF:4
LH:4
BRDA:45,0,0,1
BRDA:45,0,1,0
BRDA:47,1,0,1
BRDA:47,1,1,1
BRF:4
BRH:3
end_of_record
TN:
SF:src/context/AuthContext.js
FN:5,(anonymous_0)
FN:10,(anonymous_1)
FN:14,(anonymous_2)
FN:20,(anonymous_3)
FN:37,(anonymous_4)
FNF:5
FNH:4
FNDA:8,(anonymous_0)
FNDA:3,(anonymous_1)
FNDA:1,(anonymous_2)
FNDA:0,(anonymous_3)
FNDA:4,(anonymous_4)
DA:3,5
DA:5,5
DA:6,8
DA:7,8
DA:8,4
DA:9,4
DA:10,4
DA:11,3
DA:14,4
DA:15,1
DA:16,1
DA:17,1
DA:20,4
DA:21,0
DA:22,0
DA:23,0
DA:24,0
DA:25,0
DA:26,0
DA:27,0
DA:30,4
DA:37,5
LF:22
LH:15
BRDA:7,0,0,4
BRDA:7,0,1,4
BRF:2
BRH:2
end_of_record
TN:
SF:src/layouts/Admin.js
FN:21,AdminLayout
FN:28,(anonymous_1)
FN:29,(anonymous_2)
FN:50,(anonymous_3)
FNF:4
FNH:4
FNDA:5,AdminLayout
FNDA:8,(anonymous_1)
FNDA:84,(anonymous_2)
FNDA:8,(anonymous_3)
DA:22,5
DA:23,4
DA:24,4
DA:25,4
DA:26,4
DA:28,4
DA:29,8
DA:30,84
DA:31,0
DA:33,84
DA:34,4
DA:36,80
DA:37,68
DA:45,12
DA:50,4
DA:51,8
DA:52,8
DA:53,84
DA:54,0
DA:55,0
DA:56,0
DA:58,84
DA:59,4
DA:60,4
DA:61,0
DA:64,80
DA:69,0
DA:73,8
DA:76,4
LF:29
LH:23
BRDA:30,0,0,0
BRDA:30,0,1,84
BRDA:33,1,0,4
BRDA:33,1,1,80
BRDA:36,2,0,68
BRDA:36,2,1,12
BRDA:53,3,0,0
BRDA:53,3,1,84
BRDA:55,4,0,0
BRDA:55,4,1,0
BRDA:58,5,0,4
BRDA:58,5,1,80
BRDA:60,6,0,0
BRDA:60,6,1,4
BRDA:64,7,0,0
BRDA:64,7,1,80
BRDA:82,8,0,4
BRDA:82,8,1,0
BRDA:83,9,0,4
BRDA:83,9,1,0
BRF:20
BRH:12
end_of_record
TN:
SF:src/layouts/Auth.js
FN:10,Pages
FN:14,(anonymous_1)
FN:17,cleanup
FN:19,(anonymous_3)
FN:42,(anonymous_4)
FN:62,(anonymous_5)
FN:63,(anonymous_6)
FNF:7
FNH:6
FNDA:5,Pages
FNDA:4,(anonymous_1)
FNDA:4,cleanup
FNDA:0,(anonymous_3)
FNDA:8,(anonymous_4)
FNDA:8,(anonymous_5)
FNDA:84,(anonymous_6)
DA:11,5
DA:13,4
DA:14,4
DA:15,4
DA:17,4
DA:19,4
DA:20,0
DA:21,0
DA:22,0
DA:23,0
DA:24,0
DA:25,0
DA:27,0
DA:28,0
DA:29,0
DA:30,0
DA:33,0
DA:36,0
DA:40,0
DA:42,4
DA:43,8
DA:44,8
DA:45,84
DA:46,4
DA:47,4
DA:48,0
DA:51,80
DA:54,0
DA:55,0
DA:60,8
DA:62,4
DA:63,8
DA:64,84
DA:65,0
DA:67,84
DA:68,4
DA:70,80
DA:71,12
DA:79,68
DA:83,4
DA:84,4
DA:85,4
LF:42
LH:25
BRDA:22,0,0,0
BRDA:22,0,1,0
BRDA:24,1,0,0
BRDA:24,1,1,0
BRDA:27,2,0,0
BRDA:27,2,1,0
BRDA:29,3,0,0
BRDA:29,3,1,0
BRDA:33,4,0,0
BRDA:33,4,1,0
BRDA:45,5,0,4
BRDA:45,5,1,80
BRDA:47,6,0,0
BRDA:47,6,1,4
BRDA:51,7,0,0
BRDA:51,7,1,80
BRDA:54,8,0,0
BRDA:54,8,1,0
BRDA:64,9,0,0
BRDA:64,9,1,84
BRDA:67,10,0,4
BRDA:67,10,1,80
BRDA:70,11,0,12
BRDA:70,11,1,68
BRF:24
BRH:9
end_of_record
TN:
SF:src/layouts/RTL.js
FN:30,Dashboard
FN:37,(anonymous_1)
FN:40,(anonymous_2)
FN:64,(anonymous_3)
FN:84,(anonymous_4)
FN:85,(anonymous_5)
FN:185,(anonymous_6)
FN:188,(anonymous_7)
FN:189,(anonymous_8)
FNF:9
FNH:6
FNDA:5,Dashboard
FNDA:4,(anonymous_1)
FNDA:8,(anonymous_2)
FNDA:24,(anonymous_3)
FNDA:8,(anonymous_4)
FNDA:84,(anonymous_5)
FNDA:0,(anonymous_6)
FNDA:0,(anonymous_7)
FNDA:0,(anonymous_8)
DA:31,5
DA:33,4
DA:34,4
DA:36,4
DA:37,4
DA:38,4
DA:40,4
DA:41,8
DA:42,8
DA:43,84
DA:44,0
DA:45,0
DA:46,0
DA:48,84
DA:49,4
DA:50,4
DA:51,0
DA:54,80
DA:57,0
DA:61,8
DA:64,4
DA:65,24
DA:66,24
DA:67,252
DA:68,12
DA:69,12
DA:70,0
DA:73,240
DA:76,0
DA:77,0
DA:82,24
DA:84,4
DA:85,8
DA:86,84
DA:87,0
DA:89,84
DA:90,4
DA:92,80
DA:93,68
DA:101,12
DA:105,4
DA:106,4
DA:107,4
DA:109,4
DA:186,0
DA:188,0
DA:189,0
LF:47
LH:35
BRDA:43,0,0,0
BRDA:43,0,1,84
BRDA:45,1,0,0
BRDA:45,1,1,0
BRDA:48,2,0,4
BRDA:48,2,1,80
BRDA:50,3,0,0
BRDA:50,3,1,4
BRDA:54,4,0,0
BRDA:54,4,1,80
BRDA:67,5,0,12
BRDA:67,5,1,240
BRDA:69,6,0,0
BRDA:69,6,1,12
BRDA:73,7,0,0
BRDA:73,7,1,240
BRDA:76,8,0,0
BRDA:76,8,1,0
BRDA:86,9,0,0
BRDA:86,9,1,84
BRDA:89,10,0,4
BRDA:89,10,1,80
BRDA:92,11,0,68
BRDA:92,11,1,12
BRDA:92,12,0,80
BRDA:92,12,1,80
BRDA:115,13,0,4
BRDA:115,13,1,0
BRDA:116,14,0,4
BRDA:116,14,1,0
BRDA:124,15,0,0
BRDA:124,15,1,4
BRDA:132,16,0,0
BRDA:132,16,1,4
BRDA:134,17,0,0
BRDA:134,17,1,4
BRDA:162,18,0,4
BRDA:162,18,1,0
BRF:38
BRH:22
end_of_record
TN:
SF:src/theme/styles.js
FN:23,(anonymous_0)
FNF:1
FNH:1
FNDA:2,(anonymous_0)
DA:3,1
DA:23,2
LF:2
LH:2
BRF:0
BRH:0
end_of_record
TN:
SF:src/theme/theme.js
FNF:0
FNH:0
LF:0
LH:0
BRF:0
BRH:0
end_of_record
TN:
SF:src/theme/additions/card/Card.js
FN:14,(anonymous_0)
FNF:1
FNH:1
FNDA:1,(anonymous_0)
DA:1,1
DA:14,1
DA:23,1
LF:3
LH:3
BRDA:15,0,0,0
BRDA:15,0,1,1
BRF:2
BRH:1
end_of_record
TN:
SF:src/theme/additions/layout/MainPanel.js
FN:14,(anonymous_0)
FN:17,(anonymous_1)
FNF:2
FNH:2
FNDA:1,(anonymous_0)
FNDA:1,(anonymous_1)
DA:1,1
DA:14,1
DA:17,1
DA:26,1
LF:4
LH:4
BRF:0
BRH:0
end_of_record
TN:
SF:src/theme/additions/layout/PanelContainer.js
FNF:0
FNH:0
DA:1,1
DA:8,1
LF:2
LH:2
BRF:0
BRH:0
end_of_record
TN:
SF:src/theme/additions/layout/PanelContent.js
FNF:0
FNH:0
DA:1,1
DA:10,1
LF:2
LH:2
BRF:0
BRH:0
end_of_record
TN:
SF:src/theme/components/badge.js
FNF:0
FNH:0
DA:1,1
LF:1
LH:1
BRF:0
BRH:0
end_of_record
TN:
SF:src/theme/components/button.js
FN:27,(anonymous_0)
FN:35,(anonymous_1)
FN:45,(anonymous_2)
FN:53,(anonymous_3)
FNF:4
FNH:4
FNDA:1,(anonymous_0)
FNDA:1,(anonymous_1)
FNDA:1,(anonymous_2)
FNDA:1,(anonymous_3)
DA:2,1
DA:27,1
DA:35,1
DA:45,1
DA:53,1
LF:5
LH:5
BRF:0
BRH:0
end_of_record
TN:
SF:src/theme/components/input.js
FN:12,(anonymous_0)
FN:20,(anonymous_1)
FNF:2
FNH:2
FNDA:1,(anonymous_0)
FNDA:1,(anonymous_1)
DA:2,1
DA:12,1
DA:20,1
LF:3
LH:3
BRF:0
BRH:0
end_of_record
TN:
SF:src/theme/components/link.js
FNF:0
FNH:0
DA:1,1
LF:1
LH:1
BRF:0
BRH:0
end_of_record
TN:
SF:src/theme/foundations/breakpoints.js
FNF:0
FNH:0
DA:4,1
LF:1
LH:1
BRF:0
BRH:0
end_of_record
TN:
SF:src/variables/MapsCollabor.js
FN:14,(anonymous_0)
FN:23,(anonymous_1)
FN:27,(anonymous_2)
FN:42,(anonymous_3)
FN:61,(anonymous_4)
FN:65,(anonymous_5)
FN:71,(anonymous_6)
FN:125,(anonymous_7)
FN:152,(anonymous_8)
FNF:9
FNH:9
FNDA:4,(anonymous_0)
FNDA:4,(anonymous_1)
FNDA:4,(anonymous_2)
FNDA:4,(anonymous_3)
FNDA:4,(anonymous_4)
FNDA:4,(anonymous_5)
FNDA:4,(anonymous_6)
FNDA:3,(anonymous_7)
FNDA:1,(anonymous_8)
DA:12,6
DA:14,6
DA:15,4
DA:16,4
DA:17,4
DA:18,4
DA:19,4
DA:20,4
DA:21,4
DA:23,4
DA:24,4
DA:27,4
DA:28,4
DA:29,4
DA:34,4
DA:35,4
DA:37,0
DA:38,0
DA:42,4
DA:43,4
DA:45,4
DA:46,0
DA:49,4
DA:50,4
DA:51,0
DA:52,0
DA:55,4
DA:61,4
DA:62,4
DA:66,4
DA:72,4
DA:73,4
DA:89,4
DA:91,0
DA:95,4
DA:99,4
DA:103,4
DA:107,4
DA:111,4
DA:115,4
DA:119,4
DA:126,3
DA:152,1
LF:43
LH:37
BRDA:45,0,0,0
BRDA:45,0,1,4
BRDA:45,1,0,4
BRDA:45,1,1,0
BRDA:45,1,2,0
BRDA:50,2,0,0
BRDA:50,2,1,4
BRDA:66,3,0,4
BRDA:66,3,1,4
BRDA:66,3,2,4
BRDA:66,3,3,4
BRDA:81,4,0,4
BRDA:81,4,1,0
BRDA:126,5,0,0
BRDA:126,5,1,3
BRDA:126,6,0,3
BRDA:126,6,1,0
BRDA:126,6,2,3
BRDA:126,6,3,0
BRDA:126,6,4,3
BRDA:126,6,5,0
BRDA:133,7,0,0
BRDA:133,7,1,3
BRDA:135,8,0,3
BRDA:135,8,1,0
BRF:25
BRH:14
end_of_record
TN:
SF:src/variables/charts.js
FNF:0
FNH:0
DA:1,7
DA:8,7
DA:71,7
DA:82,7
LF:4
LH:4
BRF:0
BRH:0
end_of_record
TN:
SF:src/variables/general.js
FNF:0
FNH:0
DA:32,6
DA:77,6
DA:114,6
DA:159,6
DA:197,6
DA:254,6
DA:292,6
DA:330,6
DA:351,6
DA:366,6
DA:393,6
DA:426,6
LF:12
LH:12
BRF:0
BRH:0
end_of_record
TN:
SF:src/variables/maps.js
FN:15,(anonymous_0)
FN:21,(anonymous_1)
FN:25,(anonymous_2)
FN:50,(anonymous_3)
FN:56,(anonymous_4)
FN:115,(anonymous_5)
FN:144,(anonymous_6)
FN:158,(anonymous_7)
FNF:8
FNH:7
FNDA:7,(anonymous_0)
FNDA:7,(anonymous_1)
FNDA:7,(anonymous_2)
FNDA:4,(anonymous_3)
FNDA:4,(anonymous_4)
FNDA:3,(anonymous_5)
FNDA:0,(anonymous_6)
FNDA:1,(anonymous_7)
DA:13,6
DA:15,6
DA:16,7
DA:17,7
DA:18,7
DA:19,7
DA:21,7
DA:22,7
DA:25,7
DA:26,7
DA:28,7
DA:29,0
DA:32,7
DA:33,7
DA:34,0
DA:35,0
DA:38,7
DA:45,7
DA:47,7
DA:51,4
DA:57,4
DA:71,7
DA:73,0
DA:77,7
DA:81,7
DA:85,7
DA:89,7
DA:93,7
DA:97,7
DA:101,7
DA:116,3
DA:144,0
DA:158,1
LF:33
LH:28
BRDA:28,0,0,0
BRDA:28,0,1,7
BRDA:28,1,0,7
BRDA:28,1,1,0
BRDA:28,1,2,0
BRDA:33,2,0,0
BRDA:33,2,1,7
BRDA:51,3,0,4
BRDA:51,3,1,4
BRDA:51,3,2,4
BRDA:51,3,3,4
BRDA:104,4,0,5
BRDA:104,4,1,2
BRDA:116,5,0,0
BRDA:116,5,1,3
BRDA:116,6,0,3
BRDA:116,6,1,0
BRDA:116,6,2,3
BRDA:116,6,3,0
BRDA:116,6,4,3
BRDA:116,6,5,0
BRDA:123,7,0,0
BRDA:123,7,1,3
BRDA:125,8,0,3
BRDA:125,8,1,0
BRDA:158,9,0,1
BRDA:158,9,1,0
BRDA:168,10,0,5
BRDA:168,10,1,2
BRF:29
BRH:18
end_of_record
TN:
SF:src/views/Dashboard/CitizenTable.js
FN:38,CitizenTable
FN:58,(anonymous_1)
FN:73,(anonymous_2)
FN:86,(anonymous_3)
FN:90,(anonymous_4)
FN:94,(anonymous_5)
FN:110,(anonymous_6)
FN:155,(anonymous_7)
FN:169,(anonymous_8)
FN:174,(anonymous_9)
FN:177,(anonymous_10)
FN:197,(anonymous_11)
FN:198,(anonymous_12)
FN:219,(anonymous_13)
FN:268,(anonymous_14)
FN:324,(anonymous_15)
FN:332,(anonymous_16)
FN:338,(anonymous_17)
FN:341,(anonymous_18)
FN:371,(anonymous_19)
FN:380,(anonymous_20)
FN:389,(anonymous_21)
FNF:22
FNH:16
FNDA:42,CitizenTable
FNDA:12,(anonymous_1)
FNDA:11,(anonymous_2)
FNDA:11,(anonymous_3)
FNDA:0,(anonymous_4)
FNDA:2,(anonymous_5)
FNDA:1,(anonymous_6)
FNDA:1,(anonymous_7)
FNDA:4,(anonymous_8)
FNDA:0,(anonymous_9)
FNDA:2,(anonymous_10)
FNDA:0,(anonymous_11)
FNDA:0,(anonymous_12)
FNDA:40,(anonymous_13)
FNDA:40,(anonymous_14)
FNDA:2,(anonymous_15)
FNDA:1,(anonymous_16)
FNDA:0,(anonymous_17)
FNDA:0,(anonymous_18)
FNDA:13,(anonymous_19)
FNDA:2,(anonymous_20)
FNDA:2,(anonymous_21)
DA:39,42
DA:40,40
DA:41,40
DA:42,40
DA:43,40
DA:53,40
DA:54,40
DA:55,40
DA:56,40
DA:58,40
DA:59,12
DA:60,12
DA:62,12
DA:63,12
DA:64,12
DA:65,0
DA:67,12
DA:73,11
DA:74,11
DA:76,11
DA:79,11
DA:80,11
DA:82,1
DA:86,40
DA:87,11
DA:90,40
DA:91,0
DA:94,40
DA:95,2
DA:96,2
DA:107,2
DA:110,40
DA:111,1
DA:112,1
DA:114,1
DA:115,1
DA:116,1
DA:117,1
DA:118,1
DA:119,1
DA:120,1
DA:121,1
DA:122,1
DA:123,1
DA:124,0
DA:127,1
DA:128,1
DA:133,1
DA:134,1
DA:135,1
DA:136,1
DA:147,1
DA:149,0
DA:150,0
DA:155,40
DA:156,1
DA:157,0
DA:158,0
DA:159,0
DA:160,1
DA:161,0
DA:162,0
DA:164,1
DA:165,1
DA:169,40
DA:170,4
DA:171,4
DA:174,40
DA:175,0
DA:177,40
DA:178,2
DA:179,2
DA:181,2
DA:193,2
DA:195,2
DA:196,2
DA:197,1
DA:198,0
DA:200,1
DA:201,1
DA:211,1
DA:212,1
DA:214,1
DA:215,1
DA:219,40
DA:220,40
DA:268,40
DA:269,40
DA:324,40
DA:325,2
DA:333,1
DA:334,1
DA:339,0
DA:340,0
DA:342,0
DA:344,0
DA:345,0
DA:350,40
DA:372,13
DA:380,2
DA:389,2
LF:101
LH:84
BRDA:64,0,0,0
BRDA:64,0,1,12
BRDA:123,1,0,0
BRDA:123,1,1,1
BRDA:156,2,0,0
BRDA:156,2,1,1
BRDA:160,3,0,0
BRDA:160,3,1,1
BRDA:198,4,0,0
BRDA:198,4,1,0
BRDA:333,5,0,1
BRDA:333,5,1,0
BRDA:344,6,0,0
BRDA:344,6,1,0
BRDA:359,7,0,13
BRDA:359,7,1,27
BRF:16
BRH:7
end_of_record
TN:
SF:src/views/Dashboard/Collaboration.jsx
FN:42,Dashboard
FN:59,(anonymous_1)
FN:60,fetchData
FNF:3
FNH:3
FNDA:5,Dashboard
FNDA:5,(anonymous_1)
FNDA:5,fetchData
DA:41,6
DA:43,5
DA:44,5
DA:54,5
DA:57,5
DA:58,5
DA:59,5
DA:61,5
DA:62,5
DA:64,5
DA:67,5
LF:11
LH:11
BRDA:188,0,0,0
BRDA:188,0,1,5
BRF:2
BRH:1
end_of_record
TN:
SF:src/views/Dashboard/CollaborationChat.jsx
FN:16,(anonymous_0)
FN:25,(anonymous_1)
FN:41,(anonymous_2)
FN:64,(anonymous_3)
FN:67,(anonymous_4)
FN:72,(anonymous_5)
FN:76,(anonymous_6)
FN:87,(anonymous_7)
FN:113,(anonymous_8)
FN:152,(anonymous_9)
FNF:10
FNH:9
FNDA:5,(anonymous_0)
FNDA:2,(anonymous_1)
FNDA:2,(anonymous_2)
FNDA:2,(anonymous_3)
FNDA:0,(anonymous_4)
FNDA:2,(anonymous_5)
FNDA:1,(anonymous_6)
FNDA:1,(anonymous_7)
FNDA:1,(anonymous_8)
FNDA:1,(anonymous_9)
DA:16,7
DA:17,5
DA:18,5
DA:19,5
DA:20,5
DA:21,5
DA:22,5
DA:25,5
DA:26,2
DA:27,2
DA:28,2
DA:32,2
DA:33,0
DA:36,0
DA:41,5
DA:42,2
DA:43,2
DA:44,2
DA:48,2
DA:50,0
DA:51,0
DA:59,2
DA:64,5
DA:65,2
DA:66,2
DA:67,2
DA:68,0
DA:69,0
DA:72,2
DA:76,5
DA:77,1
DA:79,1
DA:80,1
DA:81,1
DA:87,1
DA:88,1
DA:90,0
DA:91,0
DA:101,5
DA:114,1
DA:152,1
LF:41
LH:33
BRDA:32,0,0,0
BRDA:32,0,1,2
BRDA:48,1,0,2
BRDA:48,1,1,0
BRDA:77,2,0,0
BRDA:77,2,1,1
BRDA:77,3,0,1
BRDA:77,3,1,1
BRDA:108,4,0,2
BRDA:108,4,1,3
BRDA:112,5,0,1
BRDA:112,5,1,2
BRDA:117,6,0,1
BRDA:117,6,1,0
BRDA:121,7,0,1
BRDA:121,7,1,0
BRDA:123,8,0,1
BRDA:123,8,1,0
BRDA:126,9,0,0
BRDA:126,9,1,1
BRDA:126,10,0,1
BRDA:126,10,1,0
BRDA:143,11,0,0
BRDA:143,11,1,5
BRF:24
BRH:15
end_of_record
TN:
SF:src/views/Dashboard/Dashboard.js
FN:47,Dashboard
FN:112,(anonymous_1)
FN:114,fetchData
FN:168,(anonymous_3)
FNF:4
FNH:3
FNDA:7,Dashboard
FNDA:6,(anonymous_1)
FNDA:6,fetchData
FNDA:0,(anonymous_3)
DA:43,6
DA:48,7
DA:49,7
DA:50,7
DA:100,7
DA:103,7
DA:104,7
DA:105,7
DA:106,7
DA:107,7
DA:108,7
DA:110,7
DA:112,7
DA:115,6
DA:116,6
DA:117,6
DA:118,6
DA:119,6
DA:120,6
DA:121,6
DA:122,6
DA:123,6
DA:124,6
DA:127,6
DA:130,7
DA:168,0
LF:26
LH:25
BRDA:283,0,0,0
BRDA:283,0,1,7
BRF:2
BRH:1
end_of_record
TN:
SF:src/views/Dashboard/DashboardElu.js
FN:37,EluDashboard
FN:88,(anonymous_1)
FN:89,fetchData
FNF:3
FNH:3
FNDA:4,EluDashboard
FNDA:4,(anonymous_1)
FNDA:4,fetchData
DA:35,6
DA:38,4
DA:39,4
DA:40,4
DA:76,4
DA:79,4
DA:80,4
DA:81,4
DA:82,4
DA:83,4
DA:84,4
DA:86,4
DA:87,4
DA:88,4
DA:90,4
DA:91,4
DA:92,4
DA:93,4
DA:94,4
DA:95,4
DA:96,4
DA:97,4
DA:98,4
DA:99,4
DA:102,4
DA:105,4
LF:26
LH:26
BRDA:258,0,0,0
BRDA:258,0,1,4
BRF:2
BRH:1
end_of_record
TN:
SF:src/views/Dashboard/DataExport.js
FN:25,(anonymous_0)
FN:35,(anonymous_1)
FN:66,(anonymous_2)
FN:68,(anonymous_3)
FN:69,(anonymous_4)
FN:70,(anonymous_5)
FN:77,(anonymous_6)
FN:125,(anonymous_7)
FN:136,(anonymous_8)
FNF:9
FNH:7
FNDA:8,(anonymous_0)
FNDA:3,(anonymous_1)
FNDA:2,(anonymous_2)
FNDA:4,(anonymous_3)
FNDA:4,(anonymous_4)
FNDA:8,(anonymous_5)
FNDA:2,(anonymous_6)
FNDA:0,(anonymous_7)
FNDA:0,(anonymous_8)
DA:25,6
DA:26,8
DA:27,8
DA:28,8
DA:29,8
DA:30,8
DA:31,8
DA:32,8
DA:33,8
DA:35,8
DA:36,3
DA:38,3
DA:39,2
DA:45,1
DA:46,1
DA:47,1
DA:48,1
DA:49,1
DA:57,1
DA:58,1
DA:59,1
DA:62,1
DA:66,8
DA:67,2
DA:68,4
DA:69,2
DA:70,4
DA:71,8
DA:74,2
DA:77,8
DA:78,2
DA:79,2
DA:80,2
DA:81,2
DA:82,2
DA:83,2
DA:84,2
DA:85,2
DA:88,8
DA:125,0
DA:136,0
LF:41
LH:39
BRDA:38,0,0,2
BRDA:38,0,1,1
BRDA:47,1,0,1
BRDA:47,1,1,0
BRDA:67,2,0,0
BRDA:67,2,1,2
BRDA:67,3,0,2
BRDA:67,3,1,2
BRDA:71,4,0,0
BRDA:71,4,1,8
BRDA:118,5,0,8
BRDA:118,5,1,6
BRDA:129,6,0,8
BRDA:129,6,1,2
BRF:14
BRH:11
end_of_record
TN:
SF:src/views/Dashboard/Incident.js
FN:33,(anonymous_0)
FN:55,(anonymous_1)
FN:57,(anonymous_2)
FN:72,(anonymous_3)
FN:88,(anonymous_4)
FN:91,(anonymous_5)
FN:93,(anonymous_6)
FN:95,(anonymous_7)
FN:100,(anonymous_8)
FN:101,(anonymous_9)
FN:103,(anonymous_10)
FN:108,(anonymous_11)
FN:114,(anonymous_12)
FN:115,(anonymous_13)
FN:120,(anonymous_14)
FN:129,(anonymous_15)
FN:134,(anonymous_16)
FN:139,(anonymous_17)
FN:139,(anonymous_18)
FN:141,(anonymous_19)
FN:142,(anonymous_20)
FN:143,(anonymous_21)
FN:147,(anonymous_22)
FN:151,(anonymous_23)
FN:155,(anonymous_24)
FN:163,(anonymous_25)
FN:168,(anonymous_26)
FN:182,(anonymous_27)
FN:191,(anonymous_28)
FN:196,(anonymous_29)
FN:201,(anonymous_30)
FN:216,(anonymous_31)
FN:225,(anonymous_32)
FN:230,(anonymous_33)
FN:235,(anonymous_34)
FN:282,(anonymous_35)
FN:291,(anonymous_36)
FN:322,(anonymous_37)
FN:325,(anonymous_38)
FN:328,(anonymous_39)
FN:337,(anonymous_40)
FN:353,(anonymous_41)
FN:365,(anonymous_42)
FNF:43
FNH:35
FNDA:98,(anonymous_0)
FNDA:183,(anonymous_1)
FNDA:29,(anonymous_2)
FNDA:27,(anonymous_3)
FNDA:51,(anonymous_4)
FNDA:44,(anonymous_5)
FNDA:85,(anonymous_6)
FNDA:85,(anonymous_7)
FNDA:6,(anonymous_8)
FNDA:6,(anonymous_9)
FNDA:3,(anonymous_10)
FNDA:27,(anonymous_11)
FNDA:213,(anonymous_12)
FNDA:351,(anonymous_13)
FNDA:282,(anonymous_14)
FNDA:183,(anonymous_15)
FNDA:0,(anonymous_16)
FNDA:0,(anonymous_17)
FNDA:0,(anonymous_18)
FNDA:12,(anonymous_19)
FNDA:12,(anonymous_20)
FNDA:4,(anonymous_21)
FNDA:2,(anonymous_22)
FNDA:3,(anonymous_23)
FNDA:0,(anonymous_24)
FNDA:0,(anonymous_25)
FNDA:0,(anonymous_26)
FNDA:3,(anonymous_27)
FNDA:3,(anonymous_28)
FNDA:2,(anonymous_29)
FNDA:4,(anonymous_30)
FNDA:3,(anonymous_31)
FNDA:3,(anonymous_32)
FNDA:2,(anonymous_33)
FNDA:6,(anonymous_34)
FNDA:181,(anonymous_35)
FNDA:6,(anonymous_36)
FNDA:205,(anonymous_37)
FNDA:16,(anonymous_38)
FNDA:183,(anonymous_39)
FNDA:12,(anonymous_40)
FNDA:0,(anonymous_41)
FNDA:0,(anonymous_42)
DA:33,7
DA:34,98
DA:35,97
DA:36,97
DA:37,97
DA:38,97
DA:39,97
DA:40,97
DA:41,97
DA:42,97
DA:43,97
DA:44,97
DA:45,97
DA:46,97
DA:47,97
DA:49,97
DA:55,183
DA:57,97
DA:58,29
DA:59,29
DA:65,29
DA:66,27
DA:68,2
DA:72,97
DA:73,27
DA:74,27
DA:80,27
DA:81,25
DA:83,2
DA:86,97
DA:88,97
DA:89,51
DA:90,22
DA:91,22
DA:92,44
DA:93,85
DA:95,85
DA:97,22
DA:100,97
DA:101,6
DA:102,6
DA:103,3
DA:108,97
DA:109,27
DA:110,27
DA:114,97
DA:115,351
DA:116,213
DA:117,213
DA:118,144
DA:119,142
DA:120,282
DA:122,0
DA:129,97
DA:130,183
DA:131,183
DA:134,97
DA:135,0
DA:136,0
DA:139,97
DA:141,97
DA:142,12
DA:143,12
DA:147,97
DA:148,2
DA:149,1
DA:151,3
DA:155,97
DA:156,0
DA:164,0
DA:168,97
DA:169,0
DA:170,0
DA:171,0
DA:172,0
DA:173,0
DA:174,0
DA:176,0
DA:177,0
DA:178,0
DA:182,97
DA:183,3
DA:184,3
DA:192,3
DA:196,97
DA:197,2
DA:198,2
DA:199,2
DA:200,2
DA:202,4
DA:205,1
DA:206,1
DA:207,1
DA:208,1
DA:210,1
DA:211,1
DA:212,1
DA:216,97
DA:217,3
DA:218,3
DA:226,3
DA:230,97
DA:231,2
DA:232,2
DA:233,2
DA:234,2
DA:235,6
DA:237,1
DA:238,1
DA:239,1
DA:240,1
DA:242,1
DA:243,1
DA:244,1
DA:248,97
DA:283,181
DA:284,181
DA:291,6
DA:323,205
DA:324,30
DA:325,30
DA:326,30
DA:329,183
DA:332,183
DA:337,12
DA:353,0
DA:365,0
LF:127
LH:111
BRDA:55,0,0,183
BRDA:55,0,1,1
BRDA:89,1,0,22
BRDA:89,1,1,29
BRDA:92,2,0,43
BRDA:92,2,1,1
BRDA:102,3,0,2
BRDA:102,3,1,4
BRDA:117,4,0,69
BRDA:117,4,1,144
BRDA:118,5,0,2
BRDA:118,5,1,142
BRDA:119,6,0,142
BRDA:119,6,1,0
BRDA:143,7,0,2
BRDA:143,7,1,10
BRDA:148,8,0,1
BRDA:148,8,1,1
BRDA:164,9,0,0
BRDA:164,9,1,0
BRDA:183,10,0,0
BRDA:183,10,1,3
BRDA:192,11,0,2
BRDA:192,11,1,1
BRDA:197,12,0,0
BRDA:197,12,1,2
BRDA:217,13,0,0
BRDA:217,13,1,3
BRDA:226,14,0,2
BRDA:226,14,1,1
BRDA:231,15,0,0
BRDA:231,15,1,2
BRDA:258,16,0,97
BRDA:258,16,1,92
BRDA:288,17,0,6
BRDA:288,17,1,175
BRDA:289,18,0,6
BRDA:289,18,1,175
BRDA:300,19,0,70
BRDA:300,19,1,27
BRDA:306,20,0,70
BRDA:306,20,1,4
BRDA:323,21,0,175
BRDA:323,21,1,30
BRDA:323,22,0,205
BRDA:323,22,1,184
BRDA:326,23,0,30
BRDA:326,23,1,21
BRDA:326,23,2,16
BRDA:329,24,0,125
BRDA:329,24,1,58
BRDA:360,25,0,183
BRDA:360,25,1,177
BRF:53
BRH:46
end_of_record
TN:
SF:src/views/Dashboard/LLM_Chat.jsx
FN:24,Chat
FN:35,(anonymous_1)
FN:45,(anonymous_2)
FN:53,(anonymous_3)
FN:63,(anonymous_4)
FN:76,(anonymous_5)
FN:81,(anonymous_6)
FN:103,(anonymous_7)
FN:108,(anonymous_8)
FN:113,(anonymous_9)
FN:115,(anonymous_10)
FN:131,(anonymous_11)
FN:145,(anonymous_12)
FN:150,(anonymous_13)
FN:154,(anonymous_14)
FN:160,(anonymous_15)
FN:165,(anonymous_16)
FN:166,(anonymous_17)
FN:167,(anonymous_18)
FN:175,(anonymous_19)
FN:177,(anonymous_20)
FN:178,(anonymous_21)
FN:210,(anonymous_22)
FN:234,(anonymous_23)
FN:284,(anonymous_24)
FN:286,(anonymous_25)
FNF:26
FNH:16
FNDA:14,Chat
FNDA:18,(anonymous_1)
FNDA:1,(anonymous_2)
FNDA:0,(anonymous_3)
FNDA:0,(anonymous_4)
FNDA:8,(anonymous_5)
FNDA:7,(anonymous_6)
FNDA:8,(anonymous_7)
FNDA:0,(anonymous_8)
FNDA:0,(anonymous_9)
FNDA:0,(anonymous_10)
FNDA:1,(anonymous_11)
FNDA:1,(anonymous_12)
FNDA:0,(anonymous_13)
FNDA:8,(anonymous_14)
FNDA:11,(anonymous_15)
FNDA:0,(anonymous_16)
FNDA:0,(anonymous_17)
FNDA:0,(anonymous_18)
FNDA:1,(anonymous_19)
FNDA:1,(anonymous_20)
FNDA:1,(anonymous_21)
FNDA:4,(anonymous_22)
FNDA:0,(anonymous_23)
FNDA:2,(anonymous_24)
FNDA:1,(anonymous_25)
DA:25,14
DA:26,13
DA:27,13
DA:28,13
DA:29,13
DA:32,13
DA:35,13
DA:36,18
DA:37,17
DA:45,13
DA:46,1
DA:47,0
DA:52,0
DA:53,0
DA:57,0
DA:58,0
DA:63,13
DA:64,0
DA:65,0
DA:70,0
DA:71,0
DA:76,13
DA:77,8
DA:78,8
DA:81,7
DA:94,7
DA:96,7
DA:98,1
DA:103,13
DA:104,8
DA:108,8
DA:109,0
DA:110,0
DA:113,8
DA:114,0
DA:115,0
DA:116,0
DA:121,0
DA:122,0
DA:129,8
DA:130,8
DA:131,8
DA:132,1
DA:133,1
DA:135,1
DA:136,0
DA:138,1
DA:145,1
DA:146,1
DA:149,8
DA:150,8
DA:151,0
DA:154,8
DA:155,8
DA:160,13
DA:161,11
DA:165,13
DA:166,0
DA:167,0
DA:168,0
DA:171,0
DA:175,13
DA:176,1
DA:177,1
DA:178,1
DA:179,1
DA:184,1
DA:191,13
DA:211,4
DA:235,0
DA:284,2
DA:287,1
LF:72
LH:49
BRDA:36,0,0,17
BRDA:36,0,1,1
BRDA:46,1,0,0
BRDA:46,1,1,1
BRDA:46,2,0,1
BRDA:46,2,1,0
BRDA:46,2,2,0
BRDA:64,3,0,0
BRDA:64,3,1,0
BRDA:64,4,0,0
BRDA:64,4,1,0
BRDA:116,5,0,0
BRDA:116,5,1,0
BRDA:135,6,0,0
BRDA:135,6,1,1
BRDA:168,7,0,0
BRDA:168,7,1,0
BRDA:176,8,0,1
BRDA:176,8,1,0
BRDA:179,9,0,1
BRDA:179,9,1,0
BRDA:214,10,0,1
BRDA:214,10,1,3
BRDA:222,11,0,1
BRDA:222,11,1,3
BRDA:228,12,0,1
BRDA:228,12,1,3
BRDA:230,13,0,1
BRDA:230,13,1,3
BRDA:230,14,0,4
BRDA:230,14,1,3
BRDA:240,15,0,2
BRDA:240,15,1,1
BRDA:287,16,0,1
BRDA:287,16,1,0
BRDA:290,17,0,13
BRDA:290,17,1,1
BRDA:307,18,0,13
BRDA:307,18,1,0
BRDA:307,18,2,0
BRDA:321,19,0,13
BRDA:321,19,1,0
BRF:42
BRH:24
end_of_record
TN:
SF:src/views/Dashboard/ListeCollab.jsx
FN:24,(anonymous_0)
FN:34,(anonymous_1)
FN:41,(anonymous_2)
FN:46,(anonymous_3)
FN:56,(anonymous_4)
FN:74,(anonymous_5)
FN:86,(anonymous_6)
FN:93,(anonymous_7)
FNF:8
FNH:5
FNDA:5,(anonymous_0)
FNDA:4,(anonymous_1)
FNDA:2,(anonymous_2)
FNDA:0,(anonymous_3)
FNDA:2,(anonymous_4)
FNDA:0,(anonymous_5)
FNDA:4,(anonymous_6)
FNDA:0,(anonymous_7)
DA:24,6
DA:25,5
DA:26,4
DA:27,4
DA:28,4
DA:29,4
DA:30,4
DA:31,4
DA:32,4
DA:34,4
DA:35,4
DA:42,2
DA:43,2
DA:44,2
DA:47,0
DA:48,0
DA:56,2
DA:59,4
DA:61,2
DA:74,0
DA:87,4
DA:94,0
DA:95,0
DA:103,0
LF:24
LH:18
BRDA:47,0,0,0
BRDA:47,0,1,0
BRDA:59,1,0,2
BRDA:59,1,1,2
BRDA:71,2,0,0
BRDA:71,2,1,2
BRDA:88,3,0,4
BRDA:88,3,1,0
BRDA:94,4,0,0
BRDA:94,4,1,0
BRF:10
BRH:4
end_of_record
TN:
SF:src/views/Dashboard/MessageManager.jsx
FN:34,(anonymous_0)
FN:72,(anonymous_1)
FN:91,(anonymous_2)
FN:96,(anonymous_3)
FN:115,(anonymous_4)
FN:123,(anonymous_5)
FN:131,(anonymous_6)
FN:141,(anonymous_7)
FN:150,(anonymous_8)
FN:170,(anonymous_9)
FN:180,(anonymous_10)
FN:221,(anonymous_11)
FN:234,(anonymous_12)
FN:243,(anonymous_13)
FN:251,(anonymous_14)
FN:280,(anonymous_15)
FN:287,(anonymous_16)
FN:323,(anonymous_17)
FN:351,(anonymous_18)
FNF:19
FNH:14
FNDA:36,(anonymous_0)
FNDA:9,(anonymous_1)
FNDA:8,(anonymous_2)
FNDA:2,(anonymous_3)
FNDA:2,(anonymous_4)
FNDA:2,(anonymous_5)
FNDA:0,(anonymous_6)
FNDA:1,(anonymous_7)
FNDA:0,(anonymous_8)
FNDA:3,(anonymous_9)
FNDA:1,(anonymous_10)
FNDA:15,(anonymous_11)
FNDA:1,(anonymous_12)
FNDA:3,(anonymous_13)
FNDA:2,(anonymous_14)
FNDA:0,(anonymous_15)
FNDA:0,(anonymous_16)
FNDA:0,(anonymous_17)
FNDA:2,(anonymous_18)
DA:34,6
DA:35,36
DA:36,35
DA:37,35
DA:38,35
DA:40,35
DA:45,35
DA:50,35
DA:51,35
DA:57,35
DA:63,35
DA:69,35
DA:72,35
DA:73,9
DA:74,9
DA:75,9
DA:81,8
DA:83,8
DA:84,8
DA:86,1
DA:87,1
DA:91,35
DA:92,8
DA:96,35
DA:97,2
DA:98,2
DA:99,2
DA:105,1
DA:106,1
DA:108,1
DA:109,1
DA:111,2
DA:115,35
DA:116,2
DA:124,2
DA:125,2
DA:131,35
DA:132,0
DA:133,0
DA:137,0
DA:141,35
DA:142,1
DA:143,1
DA:147,1
DA:150,35
DA:151,0
DA:152,0
DA:153,0
DA:159,0
DA:160,0
DA:161,0
DA:163,0
DA:164,0
DA:166,0
DA:170,35
DA:171,3
DA:172,3
DA:176,3
DA:180,35
DA:181,1
DA:182,1
DA:183,1
DA:184,1
DA:190,1
DA:191,1
DA:193,0
DA:194,0
DA:196,1
DA:199,35
DA:222,15
DA:234,1
DA:243,3
DA:251,2
DA:281,0
DA:288,0
DA:324,0
DA:352,2
DA:353,2
LF:78
LH:61
BRDA:124,0,0,2
BRDA:124,0,1,0
BRDA:134,1,0,0
BRDA:134,1,1,0
BRDA:135,2,0,0
BRDA:135,2,1,0
BRDA:209,3,0,19
BRDA:209,3,1,16
BRF:8
BRH:3
end_of_record
TN:
SF:src/views/Dashboard/Profile.js
FN:22,Profile
FN:28,(anonymous_1)
FN:67,(anonymous_2)
FN:81,(anonymous_3)
FN:159,(anonymous_4)
FN:168,(anonymous_5)
FN:177,(anonymous_6)
FN:186,(anonymous_7)
FN:194,(anonymous_8)
FNF:9
FNH:4
FNDA:3,Profile
FNDA:1,(anonymous_1)
FNDA:2,(anonymous_2)
FNDA:2,(anonymous_3)
FNDA:0,(anonymous_4)
FNDA:0,(anonymous_5)
FNDA:0,(anonymous_6)
FNDA:0,(anonymous_7)
FNDA:0,(anonymous_8)
DA:23,3
DA:24,3
DA:25,3
DA:26,3
DA:28,3
DA:29,1
DA:30,1
DA:32,1
DA:33,1
DA:34,1
DA:35,1
DA:36,1
DA:38,1
DA:39,0
DA:42,1
DA:44,1
DA:45,1
DA:51,0
DA:52,0
DA:53,0
DA:54,0
DA:60,1
DA:61,1
DA:62,1
DA:67,3
DA:68,2
DA:69,2
DA:74,2
DA:75,0
DA:77,2
DA:81,3
DA:82,2
DA:86,3
DA:87,3
DA:88,3
DA:90,3
DA:159,0
DA:168,0
DA:177,0
DA:186,0
DA:194,0
LF:41
LH:30
BRDA:38,0,0,0
BRDA:38,0,1,1
BRF:2
BRH:1
end_of_record
TN:
SF:src/views/Dashboard/QuotesCarousel.jsx
FN:19,(anonymous_0)
FN:23,(anonymous_1)
FN:24,(anonymous_2)
FN:26,(anonymous_3)
FN:27,(anonymous_4)
FN:34,(anonymous_5)
FNF:6
FNH:6
FNDA:6,(anonymous_0)
FNDA:3,(anonymous_1)
FNDA:12,(anonymous_2)
FNDA:11,(anonymous_3)
FNDA:11,(anonymous_4)
FNDA:3,(anonymous_5)
DA:6,6
DA:19,6
DA:20,6
DA:21,6
DA:23,6
DA:24,3
DA:25,12
DA:26,12
DA:27,11
DA:28,11
DA:30,11
DA:34,3
DA:37,6
LF:13
LH:13
BRDA:28,0,0,1
BRDA:28,0,1,10
BRF:2
BRH:2
end_of_record
TN:
SF:src/views/Dashboard/Tables.js
FN:36,Tables
FN:70,(anonymous_1)
FN:95,(anonymous_2)
FN:102,(anonymous_3)
FN:111,(anonymous_4)
FN:114,(anonymous_5)
FN:117,(anonymous_6)
FN:133,(anonymous_7)
FN:190,(anonymous_8)
FN:204,(anonymous_9)
FN:209,(anonymous_10)
FN:212,(anonymous_11)
FN:242,(anonymous_12)
FN:243,(anonymous_13)
FN:255,(anonymous_14)
FN:288,(anonymous_15)
FN:289,(anonymous_16)
FN:305,(anonymous_17)
FN:308,(anonymous_18)
FN:309,(anonymous_19)
FN:331,(anonymous_20)
FN:363,(anonymous_21)
FN:364,(anonymous_22)
FN:390,(anonymous_23)
FN:398,(anonymous_24)
FN:404,(anonymous_25)
FN:407,(anonymous_26)
FN:438,(anonymous_27)
FN:448,(anonymous_28)
FN:457,(anonymous_29)
FNF:30
FNH:22
FNDA:51,Tables
FNDA:1400,(anonymous_1)
FNDA:9,(anonymous_2)
FNDA:27,(anonymous_3)
FNDA:9,(anonymous_4)
FNDA:1,(anonymous_5)
FNDA:0,(anonymous_6)
FNDA:3,(anonymous_7)
FNDA:1,(anonymous_8)
FNDA:10,(anonymous_9)
FNDA:1,(anonymous_10)
FNDA:0,(anonymous_11)
FNDA:0,(anonymous_12)
FNDA:0,(anonymous_13)
FNDA:50,(anonymous_14)
FNDA:95,(anonymous_15)
FNDA:1,(anonymous_16)
FNDA:1400,(anonymous_17)
FNDA:2,(anonymous_18)
FNDA:3,(anonymous_19)
FNDA:50,(anonymous_20)
FNDA:95,(anonymous_21)
FNDA:0,(anonymous_22)
FNDA:1,(anonymous_23)
FNDA:1,(anonymous_24)
FNDA:0,(anonymous_25)
FNDA:0,(anonymous_26)
FNDA:61,(anonymous_27)
FNDA:0,(anonymous_28)
FNDA:1,(anonymous_29)
DA:37,51
DA:38,50
DA:39,50
DA:40,50
DA:41,50
DA:70,1400
DA:72,50
DA:74,50
DA:80,50
DA:90,50
DA:91,50
DA:92,50
DA:93,50
DA:95,50
DA:96,9
DA:97,9
DA:102,27
DA:103,9
DA:104,9
DA:105,9
DA:107,0
DA:111,50
DA:112,9
DA:114,50
DA:115,1
DA:117,50
DA:118,0
DA:119,0
DA:130,0
DA:133,50
DA:134,3
DA:135,3
DA:137,3
DA:138,3
DA:139,3
DA:140,3
DA:141,3
DA:142,3
DA:143,3
DA:144,3
DA:145,3
DA:146,3
DA:147,1
DA:150,3
DA:151,3
DA:157,2
DA:159,2
DA:160,2
DA:161,2
DA:162,2
DA:173,2
DA:175,2
DA:177,1
DA:178,1
DA:179,1
DA:180,1
DA:181,1
DA:183,0
DA:185,1
DA:190,50
DA:191,1
DA:192,1
DA:193,1
DA:194,1
DA:195,0
DA:196,0
DA:197,0
DA:199,0
DA:200,0
DA:204,50
DA:205,10
DA:206,10
DA:209,50
DA:210,1
DA:212,50
DA:213,0
DA:214,0
DA:216,0
DA:217,0
DA:218,0
DA:219,0
DA:220,0
DA:221,0
DA:222,0
DA:223,0
DA:224,0
DA:226,0
DA:227,0
DA:230,0
DA:231,0
DA:242,0
DA:243,0
DA:245,0
DA:246,0
DA:247,0
DA:248,0
DA:250,0
DA:251,0
DA:255,50
DA:256,50
DA:288,95
DA:290,1
DA:306,1400
DA:309,3
DA:331,50
DA:332,50
DA:363,95
DA:365,0
DA:390,50
DA:391,1
DA:399,1
DA:400,0
DA:405,0
DA:406,0
DA:408,0
DA:410,1
DA:411,1
DA:416,50
DA:439,61
DA:448,0
DA:457,1
LF:121
LH:82
BRDA:146,0,0,1
BRDA:146,0,1,2
BRDA:179,1,0,1
BRDA:179,1,1,0
BRDA:191,2,0,1
BRDA:191,2,1,0
BRDA:195,3,0,0
BRDA:195,3,1,0
BRDA:226,4,0,0
BRDA:226,4,1,0
BRDA:243,5,0,0
BRDA:243,5,1,0
BRDA:399,6,0,0
BRDA:399,6,1,1
BRDA:410,7,0,1
BRDA:410,7,1,0
BRDA:425,8,0,30
BRDA:425,8,1,20
BRF:18
BRH:8
end_of_record
TN:
SF:src/views/Dashboard/Typewriter.js
FN:9,(anonymous_0)
FN:20,(anonymous_1)
FN:34,(anonymous_2)
FN:51,(anonymous_3)
FNF:4
FNH:4
FNDA:12,(anonymous_0)
FNDA:8,(anonymous_1)
FNDA:30,(anonymous_2)
FNDA:7,(anonymous_3)
DA:9,7
DA:16,12
DA:17,12
DA:18,12
DA:20,12
DA:22,8
DA:23,1
DA:24,1
DA:25,1
DA:27,1
DA:31,7
DA:32,7
DA:34,7
DA:35,30
DA:36,30
DA:38,30
DA:39,3
DA:42,30
DA:43,2
DA:44,2
DA:45,0
DA:51,7
DA:55,12
DA:56,12
DA:58,12
DA:67,7
LF:26
LH:25
BRDA:11,0,0,0
BRDA:22,1,0,1
BRDA:22,1,1,7
BRDA:24,2,0,1
BRDA:24,2,1,0
BRDA:38,3,0,3
BRDA:38,3,1,27
BRDA:42,4,0,2
BRDA:42,4,1,28
BRDA:44,5,0,0
BRDA:44,5,1,2
BRF:11
BRH:8
end_of_record
TN:
SF:src/views/Dashboard/analyze.jsx
FN:45,Analyze
FN:69,(anonymous_1)
FN:73,(anonymous_2)
FN:109,(anonymous_3)
FN:112,(anonymous_4)
FN:114,(anonymous_5)
FN:174,(anonymous_6)
FN:186,(anonymous_7)
FN:191,(anonymous_8)
FN:239,(anonymous_9)
FN:249,(anonymous_10)
FN:274,RecenterMap
FN:276,(anonymous_12)
FN:285,(anonymous_13)
FN:286,(anonymous_14)
FN:287,(anonymous_15)
FN:288,(anonymous_16)
FNF:17
FNH:11
FNDA:16,Analyze
FNDA:0,(anonymous_1)
FNDA:13,(anonymous_2)
FNDA:14,(anonymous_3)
FNDA:14,(anonymous_4)
FNDA:14,(anonymous_5)
FNDA:14,(anonymous_6)
FNDA:14,(anonymous_7)
FNDA:0,(anonymous_8)
FNDA:14,(anonymous_9)
FNDA:15,(anonymous_10)
FNDA:13,RecenterMap
FNDA:13,(anonymous_12)
FNDA:0,(anonymous_13)
FNDA:0,(anonymous_14)
FNDA:0,(anonymous_15)
FNDA:0,(anonymous_16)
DA:46,16
DA:58,16
DA:59,16
DA:61,15
DA:62,15
DA:63,15
DA:64,15
DA:65,15
DA:66,15
DA:67,15
DA:68,15
DA:69,15
DA:70,0
DA:73,15
DA:74,13
DA:75,13
DA:78,12
DA:79,4
DA:80,4
DA:81,4
DA:83,0
DA:85,8
DA:86,8
DA:87,8
DA:89,8
DA:93,8
DA:94,8
DA:95,8
DA:97,0
DA:98,0
DA:101,0
DA:102,0
DA:105,1
DA:106,1
DA:109,15
DA:110,14
DA:112,15
DA:113,14
DA:114,14
DA:115,14
DA:116,1
DA:117,1
DA:119,13
DA:120,13
DA:121,13
DA:125,13
DA:126,8
DA:127,8
DA:128,8
DA:129,8
DA:130,8
DA:131,8
DA:132,5
DA:133,5
DA:134,5
DA:136,5
DA:137,5
DA:138,4
DA:139,4
DA:141,1
DA:142,1
DA:143,1
DA:144,1
DA:147,0
DA:152,0
DA:155,0
DA:156,0
DA:157,0
DA:159,0
DA:162,0
DA:163,0
DA:164,0
DA:167,0
DA:172,14
DA:174,14
DA:175,14
DA:176,14
DA:179,14
DA:180,0
DA:181,0
DA:186,15
DA:187,14
DA:188,14
DA:189,14
DA:191,14
DA:192,0
DA:194,0
DA:196,0
DA:197,0
DA:200,0
DA:201,0
DA:202,0
DA:203,0
DA:205,0
DA:207,0
DA:211,0
DA:212,0
DA:213,0
DA:214,0
DA:215,0
DA:216,0
DA:218,0
DA:222,14
DA:223,0
DA:224,0
DA:225,0
DA:227,0
DA:228,0
DA:230,14
DA:231,0
DA:234,0
DA:235,0
DA:239,14
DA:240,14
DA:241,14
DA:242,0
DA:243,0
DA:244,0
DA:249,15
DA:250,15
DA:251,1
DA:252,0
DA:254,1
DA:261,15
DA:273,15
DA:275,13
DA:276,13
DA:277,13
DA:278,13
DA:281,13
DA:284,15
DA:285,0
DA:286,0
DA:287,0
DA:288,0
DA:291,15
DA:299,15
LF:137
LH:86
BRDA:78,0,0,4
BRDA:78,0,1,8
BRDA:79,1,0,4
BRDA:79,1,1,0
BRDA:86,2,0,8
BRDA:86,2,1,0
BRDA:86,3,0,8
BRDA:86,3,1,8
BRDA:89,4,0,8
BRDA:89,4,1,0
BRDA:89,4,2,8
BRDA:89,4,3,8
BRDA:89,4,4,8
BRDA:93,5,0,8
BRDA:93,5,1,0
BRDA:95,6,0,0
BRDA:95,6,1,8
BRDA:115,7,0,1
BRDA:115,7,1,13
BRDA:115,8,0,14
BRDA:115,8,1,14
BRDA:116,9,0,1
BRDA:116,9,1,0
BRDA:125,10,0,8
BRDA:125,10,1,5
BRDA:125,11,0,13
BRDA:125,11,1,8
BRDA:132,12,0,5
BRDA:132,12,1,0
BRDA:132,13,0,5
BRDA:132,13,1,5
BRDA:132,13,2,5
BRDA:139,14,0,4
BRDA:139,14,1,0
BRDA:142,15,0,1
BRDA:142,15,1,0
BRDA:147,16,0,0
BRDA:147,16,1,0
BRDA:148,17,0,0
BRDA:148,17,1,0
BRDA:148,17,2,0
BRDA:155,18,0,0
BRDA:155,18,1,0
BRDA:156,19,0,0
BRDA:156,19,1,0
BRDA:156,20,0,0
BRDA:156,20,1,0
BRDA:159,21,0,0
BRDA:159,21,1,0
BRDA:163,22,0,0
BRDA:163,22,1,0
BRDA:179,23,0,0
BRDA:179,23,1,14
BRDA:192,24,0,0
BRDA:192,24,1,0
BRDA:196,25,0,0
BRDA:196,25,1,0
BRDA:200,26,0,0
BRDA:200,26,1,0
BRDA:211,27,0,0
BRDA:211,27,1,0
BRDA:211,28,0,0
BRDA:211,28,1,0
BRDA:222,29,0,0
BRDA:222,29,1,14
BRDA:222,30,0,14
BRDA:222,30,1,0
BRDA:224,31,0,0
BRDA:224,31,1,0
BRDA:230,32,0,0
BRDA:230,32,1,14
BRDA:241,33,0,0
BRDA:241,33,1,14
BRDA:250,34,0,1
BRDA:250,34,1,14
BRDA:251,35,0,0
BRDA:251,35,1,1
BRDA:264,36,0,0
BRDA:264,36,1,15
BRDA:266,37,0,0
BRDA:266,37,1,15
BRDA:277,38,0,13
BRDA:277,38,1,0
BRDA:277,39,0,13
BRDA:277,39,1,13
BRDA:313,40,0,14
BRDA:313,40,1,1
BRDA:316,41,0,0
BRDA:316,41,1,14
BRDA:320,42,0,0
BRDA:320,42,1,14
BRDA:336,43,0,14
BRDA:336,43,1,14
BRDA:338,44,0,0
BRDA:338,44,1,1
BRDA:379,45,0,1
BRDA:379,45,1,0
BRDA:390,46,0,0
BRDA:390,46,1,1
BRDA:402,47,0,0
BRDA:402,47,1,1
BRDA:409,48,0,0
BRDA:409,48,1,0
BRDA:417,49,0,0
BRDA:417,49,1,0
BRDA:426,50,0,1
BRDA:426,50,1,0
BRDA:433,51,0,1
BRDA:433,51,1,0
BRDA:439,52,0,1
BRDA:439,52,1,1
BRDA:439,52,2,0
BRDA:447,53,0,0
BRDA:447,53,1,0
BRDA:540,54,0,13
BRDA:540,54,1,2
BRDA:540,55,0,15
BRDA:540,55,1,13
BRDA:583,56,0,14
BRDA:583,56,1,1
BRF:120
BRH:60
end_of_record
TN:
SF:src/views/Dashboard/globalView.jsx
FN:28,GlobalView
FN:77,RecenterMap
FN:79,(anonymous_2)
FN:207,(anonymous_3)
FN:210,(anonymous_4)
FN:213,(anonymous_5)
FN:276,(anonymous_6)
FN:284,(anonymous_7)
FNF:8
FNH:3
FNDA:2,GlobalView
FNDA:0,RecenterMap
FNDA:0,(anonymous_2)
FNDA:0,(anonymous_3)
FNDA:0,(anonymous_4)
FNDA:0,(anonymous_5)
FNDA:4,(anonymous_6)
FNDA:2,(anonymous_7)
DA:47,2
DA:48,2
DA:49,2
DA:51,2
DA:52,2
DA:54,2
DA:58,2
DA:62,2
DA:66,2
DA:70,2
DA:74,2
DA:78,0
DA:79,0
DA:80,0
DA:81,0
DA:84,0
DA:87,2
DA:208,0
DA:211,0
DA:213,0
DA:277,4
DA:284,2
LF:22
LH:14
BRDA:80,0,0,0
BRDA:80,0,1,0
BRDA:80,1,0,0
BRDA:80,1,1,0
BRDA:96,2,0,0
BRDA:96,2,1,2
BRDA:114,3,0,0
BRDA:114,3,1,2
BRDA:114,4,0,2
BRDA:114,4,1,0
BRDA:132,5,0,0
BRDA:132,5,1,0
BRDA:134,6,0,0
BRDA:134,6,1,0
BRDA:165,7,0,0
BRDA:165,7,1,2
BRDA:198,8,0,2
BRDA:198,8,1,0
BRDA:198,8,2,0
BRDA:216,9,0,0
BRDA:216,9,1,0
BRDA:233,10,0,2
BRDA:233,10,1,0
BRDA:233,10,2,0
BRDA:288,11,0,0
BRDA:288,11,1,2
BRF:26
BRH:7
end_of_record
TN:
SF:src/views/Dashboard/globalViewCollaboration.jsx
FN:29,GlobalViewCollaboration
FN:39,(anonymous_1)
FN:40,(anonymous_2)
FN:41,(anonymous_3)
FN:51,(anonymous_4)
FN:55,(anonymous_5)
FN:56,(anonymous_6)
FN:88,(anonymous_7)
FN:98,(anonymous_8)
FN:107,(anonymous_9)
FN:111,(anonymous_10)
FN:112,(anonymous_11)
FN:140,(anonymous_12)
FN:186,RecenterMap
FN:188,(anonymous_14)
FN:253,(anonymous_15)
FN:257,(anonymous_16)
FN:271,(anonymous_17)
FNF:18
FNH:15
FNDA:24,GlobalViewCollaboration
FNDA:3,(anonymous_1)
FNDA:3,(anonymous_2)
FNDA:12,(anonymous_3)
FNDA:0,(anonymous_4)
FNDA:0,(anonymous_5)
FNDA:0,(anonymous_6)
FNDA:7,(anonymous_7)
FNDA:1,(anonymous_8)
FNDA:2,(anonymous_9)
FNDA:8,(anonymous_10)
FNDA:1,(anonymous_11)
FNDA:7,(anonymous_12)
FNDA:23,RecenterMap
FNDA:23,(anonymous_14)
FNDA:92,(anonymous_15)
FNDA:3,(anonymous_16)
FNDA:2,(anonymous_17)
DA:30,24
DA:36,23
DA:37,23
DA:39,23
DA:40,3
DA:41,3
DA:42,12
DA:46,3
DA:47,1
DA:51,23
DA:52,0
DA:55,23
DA:56,0
DA:57,0
DA:61,0
DA:72,23
DA:73,23
DA:74,23
DA:75,23
DA:76,23
DA:77,23
DA:78,23
DA:79,23
DA:84,23
DA:85,23
DA:87,23
DA:88,23
DA:89,7
DA:95,7
DA:98,23
DA:99,1
DA:100,1
DA:101,1
DA:103,0
DA:107,23
DA:108,2
DA:109,2
DA:110,2
DA:111,8
DA:112,2
DA:113,2
DA:121,2
DA:123,2
DA:131,1
DA:132,1
DA:134,1
DA:135,1
DA:140,23
DA:141,7
DA:142,7
DA:143,7
DA:144,7
DA:145,7
DA:147,7
DA:154,7
DA:155,7
DA:157,0
DA:158,0
DA:163,23
DA:167,23
DA:171,23
DA:175,23
DA:179,23
DA:183,23
DA:187,23
DA:188,23
DA:189,23
DA:190,23
DA:193,23
DA:196,23
DA:254,92
DA:257,3
DA:271,2
LF:73
LH:66
BRDA:42,0,0,3
BRDA:42,0,1,9
BRDA:46,1,0,1
BRDA:46,1,1,2
BRDA:85,2,0,0
BRDA:85,2,1,23
BRDA:189,3,0,23
BRDA:189,3,1,0
BRDA:189,4,0,23
BRDA:189,4,1,23
BRDA:204,5,0,0
BRDA:204,5,1,23
BRDA:214,6,0,23
BRDA:214,6,1,0
BRDA:214,7,0,23
BRDA:214,7,1,23
BRDA:225,8,0,0
BRDA:225,8,1,23
BRDA:227,9,0,0
BRDA:227,9,1,23
BRDA:262,10,0,23
BRDA:262,10,1,2
BRDA:282,11,0,23
BRDA:282,11,1,0
BRDA:306,12,0,0
BRDA:306,12,1,23
BRDA:307,13,0,0
BRDA:307,13,1,23
BRF:28
BRH:19
end_of_record
TN:
SF:src/views/Dashboard/oldTavle.js
FNF:0
FNH:0
LF:0
LH:0
BRF:0
BRH:0
end_of_record
TN:
SF:src/views/Pages/ComponentFaq.js
FN:4,(anonymous_0)
FNF:1
FNH:1
FNDA:4,(anonymous_0)
DA:4,7
DA:6,4
LF:2
LH:2
BRF:0
BRH:0
end_of_record
TN:
SF:src/views/Pages/ComponentHelp.js
FN:4,(anonymous_0)
FNF:1
FNH:1
FNDA:4,(anonymous_0)
DA:4,6
DA:5,4
LF:2
LH:2
BRF:0
BRH:0
end_of_record
TN:
SF:src/views/Pages/FAQ.js
FN:14,(anonymous_0)
FN:61,(anonymous_1)
FNF:2
FNH:2
FNDA:2,(anonymous_0)
FNDA:4,(anonymous_1)
DA:14,6
DA:15,2
DA:16,2
DA:17,2
DA:18,2
DA:19,2
DA:20,2
DA:34,2
DA:62,4
LF:9
LH:9
BRF:0
BRH:0
end_of_record
TN:
SF:src/views/Pages/Help.js
FN:15,Help
FN:59,(anonymous_1)
FNF:2
FNH:2
FNDA:2,Help
FNDA:4,(anonymous_1)
DA:16,2
DA:17,2
DA:18,2
DA:32,2
DA:60,4
LF:5
LH:5
BRF:0
BRH:0
end_of_record
TN:
SF:src/views/Pages/NotFound.js
FN:3,NotFound
FNF:1
FNH:1
FNDA:1,NotFound
DA:4,1
LF:1
LH:1
BRF:0
BRH:0
end_of_record
TN:
SF:src/views/Pages/ResetPassWord.jsx
FN:19,(anonymous_0)
FN:31,(anonymous_1)
FN:47,(anonymous_2)
FN:66,(anonymous_3)
FN:99,(anonymous_4)
FN:115,(anonymous_5)
FN:123,(anonymous_6)
FN:131,(anonymous_7)
FN:141,(anonymous_8)
FNF:9
FNH:7
FNDA:25,(anonymous_0)
FNDA:4,(anonymous_1)
FNDA:2,(anonymous_2)
FNDA:0,(anonymous_3)
FNDA:4,(anonymous_4)
FNDA:2,(anonymous_5)
FNDA:2,(anonymous_6)
FNDA:2,(anonymous_7)
FNDA:0,(anonymous_8)
DA:19,6
DA:20,25
DA:21,25
DA:22,25
DA:23,25
DA:24,25
DA:25,25
DA:26,25
DA:27,25
DA:29,25
DA:30,25
DA:31,25
DA:32,4
DA:33,4
DA:34,4
DA:35,4
DA:36,3
DA:37,3
DA:39,1
DA:40,1
DA:43,4
DA:47,25
DA:48,2
DA:49,2
DA:50,2
DA:51,2
DA:58,1
DA:66,1
DA:67,0
DA:70,1
DA:77,1
DA:79,2
DA:84,25
DA:99,4
DA:115,2
DA:123,2
DA:131,2
DA:141,0
LF:38
LH:36
BRDA:92,0,0,25
BRDA:92,0,1,12
BRDA:108,1,0,25
BRDA:108,1,1,13
BRDA:140,2,0,25
BRDA:140,2,1,13
BRF:6
BRH:6
end_of_record
TN:
SF:src/views/Pages/SignIn.js
FN:30,SignIn
FN:44,(anonymous_1)
FN:108,(anonymous_2)
FN:212,(anonymous_3)
FN:213,(anonymous_4)
FN:232,(anonymous_5)
FN:233,(anonymous_6)
FN:245,(anonymous_7)
FN:297,(anonymous_8)
FN:305,(anonymous_9)
FNF:10
FNH:7
FNDA:22,SignIn
FNDA:3,(anonymous_1)
FNDA:1,(anonymous_2)
FNDA:3,(anonymous_3)
FNDA:0,(anonymous_4)
FNDA:3,(anonymous_5)
FNDA:0,(anonymous_6)
FNDA:0,(anonymous_7)
FNDA:1,(anonymous_8)
FNDA:1,(anonymous_9)
DA:31,22
DA:32,22
DA:33,21
DA:34,21
DA:35,21
DA:36,21
DA:37,21
DA:38,21
DA:41,21
DA:42,21
DA:44,21
DA:45,3
DA:46,3
DA:47,3
DA:49,3
DA:51,3
DA:53,3
DA:57,2
DA:60,2
DA:69,2
DA:70,2
DA:71,2
DA:72,2
DA:73,2
DA:74,2
DA:75,2
DA:77,2
DA:80,2
DA:81,1
DA:82,1
DA:83,1
DA:84,1
DA:86,0
DA:89,0
DA:96,1
DA:97,1
DA:98,1
DA:104,3
DA:108,21
DA:109,1
DA:110,1
DA:111,0
DA:112,0
DA:115,1
DA:116,1
DA:121,1
DA:129,1
DA:130,1
DA:131,1
DA:133,0
DA:134,0
DA:138,21
DA:212,3
DA:214,0
DA:215,0
DA:232,3
DA:234,0
DA:235,0
DA:245,0
DA:297,1
DA:305,1
LF:61
LH:50
BRDA:80,0,0,1
BRDA:80,0,1,1
BRDA:82,1,0,1
BRDA:82,1,1,0
BRDA:83,2,0,1
BRDA:83,2,1,0
BRDA:110,3,0,0
BRDA:110,3,1,1
BRDA:193,4,0,21
BRDA:193,4,1,1
BRDA:214,5,0,0
BRDA:214,5,1,0
BRDA:234,6,0,0
BRDA:234,6,1,0
BRF:14
BRH:7
end_of_record
TN:
SF:src/views/Pages/SignUp.js
FN:22,SignUp
FNF:1
FNH:1
FNDA:2,SignUp
DA:23,2
DA:24,2
DA:25,2
DA:26,2
DA:27,2
DA:28,2
DA:29,2
LF:7
LH:7
BRF:0
BRH:0
end_of_record
TN:
SF:src/views/RTL/RTLPage.js
FN:44,Dashboard
FN:287,(anonymous_1)
FN:352,(anonymous_2)
FNF:3
FNH:3
FNDA:5,Dashboard
FNDA:20,(anonymous_1)
FNDA:20,(anonymous_2)
DA:46,5
DA:47,4
DA:48,4
DA:49,4
DA:50,4
DA:51,4
DA:53,4
DA:55,4
DA:288,20
DA:353,20
LF:10
LH:10
BRDA:221,0,0,0
BRDA:221,0,1,4
BRDA:295,1,0,4
BRDA:295,1,1,16
BRDA:301,2,0,4
BRDA:301,2,1,16
BRDA:308,3,0,4
BRDA:308,3,1,16
BRDA:315,4,0,4
BRDA:315,4,1,16
BRDA:360,5,0,4
BRDA:360,5,1,16
BRDA:367,6,0,4
BRDA:367,6,1,16
BRDA:374,7,0,4
BRDA:374,7,1,16
BRF:16
BRH:15
end_of_record
